This is pdfTeX, Version 3.141592653-2.6-1.40.23 (TeX Live 2021/W32TeX) (preloaded format=pdflatex 2021.11.14)  14 NOV 2021 13:11
entering extended mode
 restricted \write18 enabled.
 %&-line parsing enabled.
**report.tex
(./report.tex
LaTeX2e <2021-11-15>
L3 programming layer <2021-11-12> (c:/Users/marec/AppData/Roaming/TinyTeX/texmf
-dist/tex/latex/base/article.cls
Document Class: article 2021/10/04 v1.4n Standard LaTeX document class
(c:/Users/marec/AppData/Roaming/TinyTeX/texmf-dist/tex/latex/base/size10.clo
File: size10.clo 2021/10/04 v1.4n Standard LaTeX file (size option)
)
\c@part=\count183
\c@section=\count184
\c@subsection=\count185
\c@subsubsection=\count186
\c@paragraph=\count187
\c@subparagraph=\count188
\c@figure=\count189
\c@table=\count190
\abovecaptionskip=\skip47
\belowcaptionskip=\skip48
\bibindent=\dimen138
)
(c:/Users/marec/AppData/Roaming/TinyTeX/texmf-dist/tex/latex/amsmath/amsmath.st
y
Package: amsmath 2021/10/15 v2.17l AMS math features
\@mathmargin=\skip49
For additional information on amsmath, use the `?' option.

(c:/Users/marec/AppData/Roaming/TinyTeX/texmf-dist/tex/latex/amsmath/amstext.st
y
Package: amstext 2021/08/26 v2.01 AMS text

(c:/Users/marec/AppData/Roaming/TinyTeX/texmf-dist/tex/latex/amsmath/amsgen.sty
File: amsgen.sty 1999/11/30 v2.0 generic functions
\@emptytoks=\toks16
\ex@=\dimen139
))
(c:/Users/marec/AppData/Roaming/TinyTeX/texmf-dist/tex/latex/amsmath/amsbsy.sty
Package: amsbsy 1999/11/29 v1.2d Bold Symbols
\pmbraise@=\dimen140
)
(c:/Users/marec/AppData/Roaming/TinyTeX/texmf-dist/tex/latex/amsmath/amsopn.sty
Package: amsopn 2021/08/26 v2.02 operator names
)
\inf@bad=\count191
LaTeX Info: Redefining \frac on input line 234.
\uproot@=\count192
\leftroot@=\count193
LaTeX Info: Redefining \overline on input line 399.
\classnum@=\count194
\DOTSCASE@=\count195
LaTeX Info: Redefining \ldots on input line 496.
LaTeX Info: Redefining \dots on input line 499.
LaTeX Info: Redefining \cdots on input line 620.
\Mathstrutbox@=\box50
\strutbox@=\box51
\big@size=\dimen141
LaTeX Font Info:    Redeclaring font encoding OML on input line 743.
LaTeX Font Info:    Redeclaring font encoding OMS on input line 744.
\macc@depth=\count196
\c@MaxMatrixCols=\count197
\dotsspace@=\muskip16
\c@parentequation=\count198
\dspbrk@lvl=\count199
\tag@help=\toks17
\row@=\count266
\column@=\count267
\maxfields@=\count268
\andhelp@=\toks18
\eqnshift@=\dimen142
\alignsep@=\dimen143
\tagshift@=\dimen144
\tagwidth@=\dimen145
\totwidth@=\dimen146
\lineht@=\dimen147
\@envbody=\toks19
\multlinegap=\skip50
\multlinetaggap=\skip51
\mathdisplay@stack=\toks20
LaTeX Info: Redefining \[ on input line 2938.
LaTeX Info: Redefining \] on input line 2939.
)
(c:/Users/marec/AppData/Roaming/TinyTeX/texmf-dist/tex/latex/amsfonts/amssymb.s
ty
Package: amssymb 2013/01/14 v3.01 AMS font symbols

(c:/Users/marec/AppData/Roaming/TinyTeX/texmf-dist/tex/latex/amsfonts/amsfonts.
sty
Package: amsfonts 2013/01/14 v3.01 Basic AMSFonts support
\symAMSa=\mathgroup4
\symAMSb=\mathgroup5
LaTeX Font Info:    Redeclaring math symbol \hbar on input line 98.
LaTeX Font Info:    Overwriting math alphabet `\mathfrak' in version `bold'
(Font)                  U/euf/m/n --> U/euf/b/n on input line 106.
)) (c:/Users/marec/AppData/Roaming/TinyTeX/texmf-dist/tex/latex/lm/lmodern.sty
Package: lmodern 2015/05/01 v1.6.1 Latin Modern Fonts
LaTeX Font Info:    Overwriting symbol font `operators' in version `normal'
(Font)                  OT1/cmr/m/n --> OT1/lmr/m/n on input line 22.
LaTeX Font Info:    Overwriting symbol font `letters' in version `normal'
(Font)                  OML/cmm/m/it --> OML/lmm/m/it on input line 23.
LaTeX Font Info:    Overwriting symbol font `symbols' in version `normal'
(Font)                  OMS/cmsy/m/n --> OMS/lmsy/m/n on input line 24.
LaTeX Font Info:    Overwriting symbol font `largesymbols' in version `normal'
(Font)                  OMX/cmex/m/n --> OMX/lmex/m/n on input line 25.
LaTeX Font Info:    Overwriting symbol font `operators' in version `bold'
(Font)                  OT1/cmr/bx/n --> OT1/lmr/bx/n on input line 26.
LaTeX Font Info:    Overwriting symbol font `letters' in version `bold'
(Font)                  OML/cmm/b/it --> OML/lmm/b/it on input line 27.
LaTeX Font Info:    Overwriting symbol font `symbols' in version `bold'
(Font)                  OMS/cmsy/b/n --> OMS/lmsy/b/n on input line 28.
LaTeX Font Info:    Overwriting symbol font `largesymbols' in version `bold'
(Font)                  OMX/cmex/m/n --> OMX/lmex/m/n on input line 29.
LaTeX Font Info:    Overwriting math alphabet `\mathbf' in version `normal'
(Font)                  OT1/cmr/bx/n --> OT1/lmr/bx/n on input line 31.
LaTeX Font Info:    Overwriting math alphabet `\mathsf' in version `normal'
(Font)                  OT1/cmss/m/n --> OT1/lmss/m/n on input line 32.
LaTeX Font Info:    Overwriting math alphabet `\mathit' in version `normal'
(Font)                  OT1/cmr/m/it --> OT1/lmr/m/it on input line 33.
LaTeX Font Info:    Overwriting math alphabet `\mathtt' in version `normal'
(Font)                  OT1/cmtt/m/n --> OT1/lmtt/m/n on input line 34.
LaTeX Font Info:    Overwriting math alphabet `\mathbf' in version `bold'
(Font)                  OT1/cmr/bx/n --> OT1/lmr/bx/n on input line 35.
LaTeX Font Info:    Overwriting math alphabet `\mathsf' in version `bold'
(Font)                  OT1/cmss/bx/n --> OT1/lmss/bx/n on input line 36.
LaTeX Font Info:    Overwriting math alphabet `\mathit' in version `bold'
(Font)                  OT1/cmr/bx/it --> OT1/lmr/bx/it on input line 37.
LaTeX Font Info:    Overwriting math alphabet `\mathtt' in version `bold'
(Font)                  OT1/cmtt/m/n --> OT1/lmtt/m/n on input line 38.
)
(c:/Users/marec/AppData/Roaming/TinyTeX/texmf-dist/tex/generic/iftex/ifxetex.st
y
Package: ifxetex 2019/10/25 v0.7 ifxetex legacy package. Use iftex instead.
(c:/Users/marec/AppData/Roaming/TinyTeX/texmf-dist/tex/generic/iftex/iftex.sty
Package: iftex 2020/03/06 v1.0d TeX engine tests
))
(c:/Users/marec/AppData/Roaming/TinyTeX/texmf-dist/tex/generic/iftex/ifluatex.s
ty
Package: ifluatex 2019/10/25 v1.5 ifluatex legacy package. Use iftex instead.
) (c:/Users/marec/AppData/Roaming/TinyTeX/texmf-dist/tex/latex/base/fontenc.sty
Package: fontenc 2021/04/29 v2.0v Standard LaTeX package
LaTeX Font Info:    Trying to load font information for T1+lmr on input line 11
2.
(c:/Users/marec/AppData/Roaming/TinyTeX/texmf-dist/tex/latex/lm/t1lmr.fd
File: t1lmr.fd 2015/05/01 v1.6.1 Font defs for Latin Modern
)) (c:/Users/marec/AppData/Roaming/TinyTeX/texmf-dist/tex/latex/base/inputenc.s
ty
Package: inputenc 2021/02/14 v1.3d Input encoding file
\inpenc@prehook=\toks21
\inpenc@posthook=\toks22
) (c:/Users/marec/AppData/Roaming/TinyTeX/texmf-dist/tex/latex/base/textcomp.st
y
Package: textcomp 2020/02/02 v2.0n Standard LaTeX package
) (c:/Users/marec/AppData/Roaming/TinyTeX/texmf-dist/tex/latex/xcolor/xcolor.st
y
Package: xcolor 2021/10/31 v2.13 LaTeX color extensions (UK)

(c:/Users/marec/AppData/Roaming/TinyTeX/texmf-dist/tex/latex/graphics-cfg/color
.cfg
File: color.cfg 2016/01/02 v1.6 sample color configuration
)
Package xcolor Info: Driver file: pdftex.def on input line 227.

(c:/Users/marec/AppData/Roaming/TinyTeX/texmf-dist/tex/latex/graphics-def/pdfte
x.def
File: pdftex.def 2020/10/05 v1.2a Graphics/color driver for pdftex
)
Package xcolor Info: Model `cmy' substituted by `cmy0' on input line 1352.
Package xcolor Info: Model `hsb' substituted by `rgb' on input line 1356.
Package xcolor Info: Model `RGB' extended on input line 1368.
Package xcolor Info: Model `HTML' substituted by `rgb' on input line 1370.
Package xcolor Info: Model `Hsb' substituted by `hsb' on input line 1371.
Package xcolor Info: Model `tHsb' substituted by `hsb' on input line 1372.
Package xcolor Info: Model `HSB' substituted by `hsb' on input line 1373.
Package xcolor Info: Model `Gray' substituted by `gray' on input line 1374.
Package xcolor Info: Model `wave' substituted by `hsb' on input line 1375.
)
(c:/Users/marec/AppData/Roaming/TinyTeX/texmf-dist/tex/latex/hyperref/hyperref.
sty
Package: hyperref 2021-06-07 v7.00m Hypertext links for LaTeX

(c:/Users/marec/AppData/Roaming/TinyTeX/texmf-dist/tex/generic/ltxcmds/ltxcmds.
sty
Package: ltxcmds 2020-05-10 v1.25 LaTeX kernel commands for general use (HO)
)
(c:/Users/marec/AppData/Roaming/TinyTeX/texmf-dist/tex/generic/pdftexcmds/pdfte
xcmds.sty
Package: pdftexcmds 2020-06-27 v0.33 Utility functions of pdfTeX for LuaTeX (HO
)

(c:/Users/marec/AppData/Roaming/TinyTeX/texmf-dist/tex/generic/infwarerr/infwar
err.sty
Package: infwarerr 2019/12/03 v1.5 Providing info/warning/error messages (HO)
)
Package pdftexcmds Info: \pdf@primitive is available.
Package pdftexcmds Info: \pdf@ifprimitive is available.
Package pdftexcmds Info: \pdfdraftmode found.
)
(c:/Users/marec/AppData/Roaming/TinyTeX/texmf-dist/tex/latex/graphics/keyval.st
y
Package: keyval 2014/10/28 v1.15 key=value parser (DPC)
\KV@toks@=\toks23
)
(c:/Users/marec/AppData/Roaming/TinyTeX/texmf-dist/tex/generic/kvsetkeys/kvsetk
eys.sty
Package: kvsetkeys 2019/12/15 v1.18 Key value parser (HO)
)
(c:/Users/marec/AppData/Roaming/TinyTeX/texmf-dist/tex/generic/kvdefinekeys/kvd
efinekeys.sty
Package: kvdefinekeys 2019-12-19 v1.6 Define keys (HO)
)
(c:/Users/marec/AppData/Roaming/TinyTeX/texmf-dist/tex/generic/pdfescape/pdfesc
ape.sty
Package: pdfescape 2019/12/09 v1.15 Implements pdfTeX's escape features (HO)
)
(c:/Users/marec/AppData/Roaming/TinyTeX/texmf-dist/tex/latex/hycolor/hycolor.st
y
Package: hycolor 2020-01-27 v1.10 Color options for hyperref/bookmark (HO)
)
(c:/Users/marec/AppData/Roaming/TinyTeX/texmf-dist/tex/latex/letltxmacro/letltx
macro.sty
Package: letltxmacro 2019/12/03 v1.6 Let assignment for LaTeX macros (HO)
)
(c:/Users/marec/AppData/Roaming/TinyTeX/texmf-dist/tex/latex/auxhook/auxhook.st
y
Package: auxhook 2019-12-17 v1.6 Hooks for auxiliary files (HO)
)
(c:/Users/marec/AppData/Roaming/TinyTeX/texmf-dist/tex/latex/kvoptions/kvoption
s.sty
Package: kvoptions 2020-10-07 v3.14 Key value format for package options (HO)
)
\@linkdim=\dimen148
\Hy@linkcounter=\count269
\Hy@pagecounter=\count270

(c:/Users/marec/AppData/Roaming/TinyTeX/texmf-dist/tex/latex/hyperref/pd1enc.de
f
File: pd1enc.def 2021-06-07 v7.00m Hyperref: PDFDocEncoding definition (HO)
Now handling font encoding PD1 ...
... no UTF-8 mapping file for font encoding PD1
)
(c:/Users/marec/AppData/Roaming/TinyTeX/texmf-dist/tex/latex/hyperref/hyperref-
langpatches.def
File: hyperref-langpatches.def 2021-06-07 v7.00m Hyperref: patches for babel la
nguages
)
(c:/Users/marec/AppData/Roaming/TinyTeX/texmf-dist/tex/generic/intcalc/intcalc.
sty
Package: intcalc 2019/12/15 v1.3 Expandable calculations with integers (HO)
)
(c:/Users/marec/AppData/Roaming/TinyTeX/texmf-dist/tex/generic/etexcmds/etexcmd
s.sty
Package: etexcmds 2019/12/15 v1.7 Avoid name clashes with e-TeX commands (HO)
)
\Hy@SavedSpaceFactor=\count271

(c:/Users/marec/AppData/Roaming/TinyTeX/texmf-dist/tex/latex/hyperref/puenc.def
File: puenc.def 2021-06-07 v7.00m Hyperref: PDF Unicode definition (HO)
Now handling font encoding PU ...
... no UTF-8 mapping file for font encoding PU
)
Package hyperref Info: Option `unicode' set `true' on input line 4073.
Package hyperref Info: Hyper figures OFF on input line 4192.
Package hyperref Info: Link nesting OFF on input line 4197.
Package hyperref Info: Hyper index ON on input line 4200.
Package hyperref Info: Plain pages OFF on input line 4207.
Package hyperref Info: Backreferencing OFF on input line 4212.
Package hyperref Info: Implicit mode ON; LaTeX internals redefined.
Package hyperref Info: Bookmarks ON on input line 4445.
\c@Hy@tempcnt=\count272
(c:/Users/marec/AppData/Roaming/TinyTeX/texmf-dist/tex/latex/url/url.sty
\Urlmuskip=\muskip17
Package: url 2013/09/16  ver 3.4  Verb mode for urls, etc.
)
LaTeX Info: Redefining \url on input line 4804.
\XeTeXLinkMargin=\dimen149

(c:/Users/marec/AppData/Roaming/TinyTeX/texmf-dist/tex/generic/bitset/bitset.st
y
Package: bitset 2019/12/09 v1.3 Handle bit-vector datatype (HO)

(c:/Users/marec/AppData/Roaming/TinyTeX/texmf-dist/tex/generic/bigintcalc/bigin
tcalc.sty
Package: bigintcalc 2019/12/15 v1.5 Expandable calculations on big integers (HO
)
))
\Fld@menulength=\count273
\Field@Width=\dimen150
\Fld@charsize=\dimen151
Package hyperref Info: Hyper figures OFF on input line 6076.
Package hyperref Info: Link nesting OFF on input line 6081.
Package hyperref Info: Hyper index ON on input line 6084.
Package hyperref Info: backreferencing OFF on input line 6091.
Package hyperref Info: Link coloring OFF on input line 6096.
Package hyperref Info: Link coloring with OCG OFF on input line 6101.
Package hyperref Info: PDF/A mode OFF on input line 6106.
LaTeX Info: Redefining \ref on input line 6146.
LaTeX Info: Redefining \pageref on input line 6150.

(c:/Users/marec/AppData/Roaming/TinyTeX/texmf-dist/tex/latex/base/atbegshi-ltx.
sty
Package: atbegshi-ltx 2021/01/10 v1.0c Emulation of the original atbegshi
package with kernel methods
)
\Hy@abspage=\count274
\c@Item=\count275
\c@Hfootnote=\count276
)
Package hyperref Info: Driver (autodetected): hpdftex.

(c:/Users/marec/AppData/Roaming/TinyTeX/texmf-dist/tex/latex/hyperref/hpdftex.d
ef
File: hpdftex.def 2021-06-07 v7.00m Hyperref driver for pdfTeX

(c:/Users/marec/AppData/Roaming/TinyTeX/texmf-dist/tex/latex/base/atveryend-ltx
.sty
Package: atveryend-ltx 2020/08/19 v1.0a Emulation of the original atveryend pac
kage
with kernel methods
)
\Fld@listcount=\count277
\c@bookmark@seq@number=\count278

(c:/Users/marec/AppData/Roaming/TinyTeX/texmf-dist/tex/latex/rerunfilecheck/rer
unfilecheck.sty
Package: rerunfilecheck 2019/12/05 v1.9 Rerun checks for auxiliary files (HO)

(c:/Users/marec/AppData/Roaming/TinyTeX/texmf-dist/tex/generic/uniquecounter/un
iquecounter.sty
Package: uniquecounter 2019/12/15 v1.4 Provide unlimited unique counter (HO)
)
Package uniquecounter Info: New unique counter `rerunfilecheck' on input line 2
86.
)
\Hy@SectionHShift=\skip52
)
(c:/Users/marec/AppData/Roaming/TinyTeX/texmf-dist/tex/latex/geometry/geometry.
sty
Package: geometry 2020/01/02 v5.9 Page Geometry

(c:/Users/marec/AppData/Roaming/TinyTeX/texmf-dist/tex/generic/iftex/ifvtex.sty
Package: ifvtex 2019/10/25 v1.7 ifvtex legacy package. Use iftex instead.
)
\Gm@cnth=\count279
\Gm@cntv=\count280
\c@Gm@tempcnt=\count281
\Gm@bindingoffset=\dimen152
\Gm@wd@mp=\dimen153
\Gm@odd@mp=\dimen154
\Gm@even@mp=\dimen155
\Gm@layoutwidth=\dimen156
\Gm@layoutheight=\dimen157
\Gm@layouthoffset=\dimen158
\Gm@layoutvoffset=\dimen159
\Gm@dimlist=\toks24
)
(c:/Users/marec/AppData/Roaming/TinyTeX/texmf-dist/tex/latex/graphics/graphicx.
sty
Package: graphicx 2021/09/16 v1.2d Enhanced LaTeX Graphics (DPC,SPQR)

(c:/Users/marec/AppData/Roaming/TinyTeX/texmf-dist/tex/latex/graphics/graphics.
sty
Package: graphics 2021/03/04 v1.4d Standard LaTeX Graphics (DPC,SPQR)
(c:/Users/marec/AppData/Roaming/TinyTeX/texmf-dist/tex/latex/graphics/trig.sty
Package: trig 2021/08/11 v1.11 sin cos tan (DPC)
)
(c:/Users/marec/AppData/Roaming/TinyTeX/texmf-dist/tex/latex/graphics-cfg/graph
ics.cfg
File: graphics.cfg 2016/06/04 v1.11 sample graphics configuration
)
Package graphics Info: Driver file: pdftex.def on input line 107.
)
\Gin@req@height=\dimen160
\Gin@req@width=\dimen161
)
(c:/Users/marec/AppData/Roaming/TinyTeX/texmf-dist/tex/latex/booktabs/booktabs.
sty
Package: booktabs 2020/01/12 v1.61803398 Publication quality tables
\heavyrulewidth=\dimen162
\lightrulewidth=\dimen163
\cmidrulewidth=\dimen164
\belowrulesep=\dimen165
\belowbottomsep=\dimen166
\aboverulesep=\dimen167
\abovetopsep=\dimen168
\cmidrulesep=\dimen169
\cmidrulekern=\dimen170
\defaultaddspace=\dimen171
\@cmidla=\count282
\@cmidlb=\count283
\@aboverulesep=\dimen172
\@belowrulesep=\dimen173
\@thisruleclass=\count284
\@lastruleclass=\count285
\@thisrulewidth=\dimen174
)
(c:/Users/marec/AppData/Roaming/TinyTeX/texmf-dist/tex/latex/tools/longtable.st
y
Package: longtable 2021-09-01 v4.17 Multi-page Table package (DPC)
\LTleft=\skip53
\LTright=\skip54
\LTpre=\skip55
\LTpost=\skip56
\LTchunksize=\count286
\LTcapwidth=\dimen175
\LT@head=\box52
\LT@firsthead=\box53
\LT@foot=\box54
\LT@lastfoot=\box55
\LT@gbox=\box56
\LT@cols=\count287
\LT@rows=\count288
\c@LT@tables=\count289
\c@LT@chunks=\count290
\LT@p@ftn=\toks25
) (c:/Users/marec/AppData/Roaming/TinyTeX/texmf-dist/tex/latex/tools/array.sty
Package: array 2021/10/04 v2.5f Tabular extension package (FMi)
\col@sep=\dimen176
\ar@mcellbox=\box57
\extrarowheight=\dimen177
\NC@list=\toks26
\extratabsurround=\skip57
\backup@length=\skip58
\ar@cellbox=\box58
)
(c:/Users/marec/AppData/Roaming/TinyTeX/texmf-dist/tex/latex/multirow/multirow.
sty
Package: multirow 2021/03/15 v2.8 Span multiple rows of a table
\multirow@colwidth=\skip59
\multirow@cntb=\count291
\multirow@dima=\skip60
\bigstrutjot=\dimen178
)
(c:/Users/marec/AppData/Roaming/TinyTeX/texmf-dist/tex/latex/wrapfig/wrapfig.st
y
\wrapoverhang=\dimen179
\WF@size=\dimen180
\c@WF@wrappedlines=\count292
\WF@box=\box59
\WF@everypar=\toks27
Package: wrapfig 2003/01/31  v 3.6
) (c:/Users/marec/AppData/Roaming/TinyTeX/texmf-dist/tex/latex/float/float.sty
Package: float 2001/11/08 v1.3d Float enhancements (AL)
\c@float@type=\count293
\float@exts=\toks28
\float@box=\box60
\@float@everytoks=\toks29
\@floatcapt=\box61
)
(c:/Users/marec/AppData/Roaming/TinyTeX/texmf-dist/tex/latex/colortbl/colortbl.
sty
Package: colortbl 2020/01/04 v1.0e Color table columns (DPC)
\everycr=\toks30
\minrowclearance=\skip61
)
(c:/Users/marec/AppData/Roaming/TinyTeX/texmf-dist/tex/latex/pdflscape/pdflscap
e.sty
Package: pdflscape 2019/12/05 v0.12 Display of landscape pages in PDF (HO)

(c:/Users/marec/AppData/Roaming/TinyTeX/texmf-dist/tex/latex/graphics/lscape.st
y
Package: lscape 2020/05/28 v3.02 Landscape Pages (DPC)
)
Package pdflscape Info: Auto-detected driver: pdftex on input line 81.
) (c:/Users/marec/AppData/Roaming/TinyTeX/texmf-dist/tex/latex/tabu/tabu.sty
Package: tabu 2019/01/11 v2.9 - flexible LaTeX tabulars (FC+tabu-fixed)

(c:/Users/marec/AppData/Roaming/TinyTeX/texmf-dist/tex/latex/varwidth/varwidth.
sty
Package: varwidth 2009/03/30 ver 0.92;  Variable-width minipages
\@vwid@box=\box62
\sift@deathcycles=\count294
\@vwid@loff=\dimen181
\@vwid@roff=\dimen182
)
\c@taburow=\count295
\tabu@nbcols=\count296
\tabu@cnt=\count297
\tabu@Xcol=\count298
\tabu@alloc=\count299
\tabu@nested=\count300
\tabu@target=\dimen183
\tabu@spreadtarget=\dimen184
\tabu@naturalX=\dimen185
\tabucolX=\dimen186
\tabu@Xsum=\dimen187
\extrarowdepth=\dimen188
\abovetabulinesep=\dimen189
\belowtabulinesep=\dimen190
\tabustrutrule=\dimen191
\tabu@thebody=\toks31
\tabu@footnotes=\toks32
\tabu@box=\box63
\tabu@arstrutbox=\box64
\tabu@hleads=\box65
\tabu@vleads=\box66
\tabu@cellskip=\skip62
)
(c:/Users/marec/AppData/Roaming/TinyTeX/texmf-dist/tex/latex/threeparttable/thr
eeparttable.sty
Package: threeparttable 2003/06/13  v 3.0
\@tempboxb=\box67
)
(c:/Users/marec/AppData/Roaming/TinyTeX/texmf-dist/tex/latex/threeparttablex/th
reeparttablex.sty
Package: threeparttablex 2013/07/23 v0.3 by daleif

(c:/Users/marec/AppData/Roaming/TinyTeX/texmf-dist/tex/latex/environ/environ.st
y
Package: environ 2014/05/04 v0.3 A new way to define environments

(c:/Users/marec/AppData/Roaming/TinyTeX/texmf-dist/tex/latex/trimspaces/trimspa
ces.sty
Package: trimspaces 2009/09/17 v1.1 Trim spaces around a token list
))
\TPTL@width=\skip63
) (c:/Users/marec/AppData/Roaming/TinyTeX/texmf-dist/tex/generic/ulem/ulem.sty
\UL@box=\box68
\UL@hyphenbox=\box69
\UL@skip=\skip64
\UL@hook=\toks33
\UL@height=\dimen192
\UL@pe=\count301
\UL@pixel=\dimen193
\ULC@box=\box70
Package: ulem 2019/11/18
\ULdepth=\dimen194
)
(c:/Users/marec/AppData/Roaming/TinyTeX/texmf-dist/tex/latex/makecell/makecell.
sty
Package: makecell 2009/08/03 V0.1e Managing of Tab Column Heads and Cells
\rotheadsize=\dimen195
\c@nlinenum=\count302
\TeXr@lab=\toks34
)
(c:/Users/marec/AppData/Roaming/TinyTeX/texmf-dist/tex/latex/etoolbox/etoolbox.
sty
Package: etoolbox 2020/10/05 v2.5k e-TeX tools for LaTeX (JAW)
\etb@tempcnta=\count303
)
(c:/Users/marec/AppData/Roaming/TinyTeX/texmf-dist/tex/latex/l3backend/l3backen
d-pdftex.def
File: l3backend-pdftex.def 2021-10-18 L3 backend support: PDF output (pdfTeX)
\l__color_backend_stack_int=\count304
\l__pdf_internal_box=\box71
)
No file report.aux.
\openout1 = `report.aux'.

LaTeX Font Info:    Checking defaults for OML/cmm/m/it on input line 91.
LaTeX Font Info:    ... okay on input line 91.
LaTeX Font Info:    Checking defaults for OMS/cmsy/m/n on input line 91.
LaTeX Font Info:    ... okay on input line 91.
LaTeX Font Info:    Checking defaults for OT1/cmr/m/n on input line 91.
LaTeX Font Info:    ... okay on input line 91.
LaTeX Font Info:    Checking defaults for T1/cmr/m/n on input line 91.
LaTeX Font Info:    ... okay on input line 91.
LaTeX Font Info:    Checking defaults for TS1/cmr/m/n on input line 91.
LaTeX Font Info:    ... okay on input line 91.
LaTeX Font Info:    Checking defaults for OMX/cmex/m/n on input line 91.
LaTeX Font Info:    ... okay on input line 91.
LaTeX Font Info:    Checking defaults for U/cmr/m/n on input line 91.
LaTeX Font Info:    ... okay on input line 91.
LaTeX Font Info:    Checking defaults for PD1/pdf/m/n on input line 91.
LaTeX Font Info:    ... okay on input line 91.
LaTeX Font Info:    Checking defaults for PU/pdf/m/n on input line 91.
LaTeX Font Info:    ... okay on input line 91.

(c:/Users/marec/AppData/Roaming/TinyTeX/texmf-dist/tex/latex/epstopdf-pkg/epsto
pdf-base.sty
Package: epstopdf-base 2020-01-24 v2.11 Base part for package epstopdf
Package epstopdf-base Info: Redefining graphics rule for `.eps' on input line 4
85.

(c:/Users/marec/AppData/Roaming/TinyTeX/texmf-dist/tex/latex/latexconfig/epstop
df-sys.cfg
File: epstopdf-sys.cfg 2010/07/13 v1.3 Configuration of (r)epstopdf for TeX Liv
e
))
Package hyperref Info: Link coloring OFF on input line 91.

(c:/Users/marec/AppData/Roaming/TinyTeX/texmf-dist/tex/latex/hyperref/nameref.s
ty
Package: nameref 2021-04-02 v2.47 Cross-referencing by name of section

(c:/Users/marec/AppData/Roaming/TinyTeX/texmf-dist/tex/latex/refcount/refcount.
sty
Package: refcount 2019/12/15 v3.6 Data extraction from label references (HO)
)
(c:/Users/marec/AppData/Roaming/TinyTeX/texmf-dist/tex/generic/gettitlestring/g
ettitlestring.sty
Package: gettitlestring 2019/12/15 v1.6 Cleanup title references (HO)
)
\c@section@level=\count305
)
LaTeX Info: Redefining \ref on input line 91.
LaTeX Info: Redefining \pageref on input line 91.
LaTeX Info: Redefining \nameref on input line 91.
\@outlinefile=\write3
\openout3 = `report.out'.

*geometry* driver: auto-detecting
*geometry* detected driver: pdftex
*geometry* verbose mode - [ preamble ] result:
* driver: pdftex
* paper: <default>
* layout: <same size as paper>
* layoutoffset:(h,v)=(0.0pt,0.0pt)
* modes: 
* h-part:(L,W,R)=(72.26999pt, 469.75502pt, 72.26999pt)
* v-part:(T,H,B)=(72.26999pt, 650.43001pt, 72.26999pt)
* \paperwidth=614.295pt
* \paperheight=794.96999pt
* \textwidth=469.75502pt
* \textheight=650.43001pt
* \oddsidemargin=0.0pt
* \evensidemargin=0.0pt
* \topmargin=-37.0pt
* \headheight=12.0pt
* \headsep=25.0pt
* \topskip=10.0pt
* \footskip=30.0pt
* \marginparwidth=65.0pt
* \marginparsep=11.0pt
* \columnsep=10.0pt
* \skip\footins=9.0pt plus 4.0pt minus 2.0pt
* \hoffset=0.0pt
* \voffset=0.0pt
* \mag=1000
* \@twocolumnfalse
* \@twosidefalse
* \@mparswitchfalse
* \@reversemarginfalse
* (1in=72.27pt=25.4mm, 1cm=28.453pt)

LaTeX Font Info:    Trying to load font information for OT1+lmr on input line 9
3.
(c:/Users/marec/AppData/Roaming/TinyTeX/texmf-dist/tex/latex/lm/ot1lmr.fd
File: ot1lmr.fd 2015/05/01 v1.6.1 Font defs for Latin Modern
)
LaTeX Font Info:    Trying to load font information for OML+lmm on input line 9
3.
(c:/Users/marec/AppData/Roaming/TinyTeX/texmf-dist/tex/latex/lm/omllmm.fd
File: omllmm.fd 2015/05/01 v1.6.1 Font defs for Latin Modern
)
LaTeX Font Info:    Trying to load font information for OMS+lmsy on input line 
93.
(c:/Users/marec/AppData/Roaming/TinyTeX/texmf-dist/tex/latex/lm/omslmsy.fd
File: omslmsy.fd 2015/05/01 v1.6.1 Font defs for Latin Modern
)
LaTeX Font Info:    Trying to load font information for OMX+lmex on input line 
93.
(c:/Users/marec/AppData/Roaming/TinyTeX/texmf-dist/tex/latex/lm/omxlmex.fd
File: omxlmex.fd 2015/05/01 v1.6.1 Font defs for Latin Modern
)
LaTeX Font Info:    External font `lmex10' loaded for size
(Font)              <12> on input line 93.
LaTeX Font Info:    External font `lmex10' loaded for size
(Font)              <8> on input line 93.
LaTeX Font Info:    External font `lmex10' loaded for size
(Font)              <6> on input line 93.
LaTeX Font Info:    Trying to load font information for U+msa on input line 93.

(c:/Users/marec/AppData/Roaming/TinyTeX/texmf-dist/tex/latex/amsfonts/umsa.fd
File: umsa.fd 2013/01/14 v3.01 AMS symbols A
)
LaTeX Font Info:    Trying to load font information for U+msb on input line 93.

(c:/Users/marec/AppData/Roaming/TinyTeX/texmf-dist/tex/latex/amsfonts/umsb.fd
File: umsb.fd 2013/01/14 v3.01 AMS symbols B
)
LaTeX Font Info:    Trying to load font information for TS1+lmr on input line 1
00.
(c:/Users/marec/AppData/Roaming/TinyTeX/texmf-dist/tex/latex/lm/ts1lmr.fd
File: ts1lmr.fd 2015/05/01 v1.6.1 Font defs for Latin Modern
)
LaTeX Font Info:    External font `lmex10' loaded for size
(Font)              <10> on input line 116.
LaTeX Font Info:    External font `lmex10' loaded for size
(Font)              <7> on input line 116.
LaTeX Font Info:    External font `lmex10' loaded for size
(Font)              <5> on input line 116.
[1

{c:/Users/marec/AppData/Roaming/TinyTeX/texmf-var/fonts/map/pdftex/updmap/pdfte
x.map}] [2]
Overfull \vbox (452.1696pt too high) has occurred while \output is active []

[3] [4]
Overfull \hbox (49.34856pt too wide) in paragraph at lines 409--409
[]\T1/lmr/m/n/10 ExtractVar|  
 []


Overfull \hbox (20.54256pt too wide) in paragraph at lines 409--409
[]\T1/lmr/m/n/10 1980|  
 []


Overfull \hbox (20.54256pt too wide) in paragraph at lines 409--409
[]\T1/lmr/m/n/10 1981|  
 []


Overfull \hbox (20.54256pt too wide) in paragraph at lines 409--409
[]\T1/lmr/m/n/10 1982|  
 []


Overfull \hbox (20.54256pt too wide) in paragraph at lines 409--409
[]\T1/lmr/m/n/10 1983|  
 []


Overfull \hbox (20.54256pt too wide) in paragraph at lines 409--409
[]\T1/lmr/m/n/10 1984|  
 []


Overfull \hbox (20.54256pt too wide) in paragraph at lines 409--409
[]\T1/lmr/m/n/10 1985|  
 []


Overfull \hbox (20.54256pt too wide) in paragraph at lines 409--409
[]\T1/lmr/m/n/10 1986|  
 []


Overfull \hbox (20.54256pt too wide) in paragraph at lines 409--409
[]\T1/lmr/m/n/10 1987|  
 []


Overfull \hbox (20.54256pt too wide) in paragraph at lines 409--409
[]\T1/lmr/m/n/10 1988|  
 []


Overfull \hbox (20.54256pt too wide) in paragraph at lines 409--409
[]\T1/lmr/m/n/10 1989|  
 []


Overfull \hbox (20.54256pt too wide) in paragraph at lines 409--409
[]\T1/lmr/m/n/10 1990|  
 []


Overfull \hbox (20.54256pt too wide) in paragraph at lines 409--409
[]\T1/lmr/m/n/10 1991|  
 []


Overfull \hbox (20.54256pt too wide) in paragraph at lines 409--409
[]\T1/lmr/m/n/10 1992|  
 []


Overfull \hbox (20.54256pt too wide) in paragraph at lines 409--409
[]\T1/lmr/m/n/10 1993|  
 []


Overfull \hbox (20.54256pt too wide) in paragraph at lines 409--409
[]\T1/lmr/m/n/10 1994|  
 []


Overfull \hbox (20.54256pt too wide) in paragraph at lines 409--409
[]\T1/lmr/m/n/10 1995|  
 []


Overfull \hbox (20.54256pt too wide) in paragraph at lines 409--409
[]\T1/lmr/m/n/10 1996|  
 []


Overfull \hbox (20.54256pt too wide) in paragraph at lines 409--409
[]\T1/lmr/m/n/10 1997|  
 []


Overfull \hbox (20.54256pt too wide) in paragraph at lines 409--409
[]\T1/lmr/m/n/10 1998|  
 []


Overfull \hbox (20.54256pt too wide) in paragraph at lines 409--409
[]\T1/lmr/m/n/10 1999|  
 []


Overfull \hbox (20.54256pt too wide) in paragraph at lines 409--409
[]\T1/lmr/m/n/10 2000|  
 []


Overfull \hbox (20.54256pt too wide) in paragraph at lines 409--409
[]\T1/lmr/m/n/10 2001|  
 []


Overfull \hbox (20.54256pt too wide) in paragraph at lines 409--409
[]\T1/lmr/m/n/10 2002|  
 []


Overfull \hbox (20.54256pt too wide) in paragraph at lines 409--409
[]\T1/lmr/m/n/10 2003|  
 []


Overfull \hbox (20.54256pt too wide) in paragraph at lines 409--409
[]\T1/lmr/m/n/10 2004|  
 []


Overfull \hbox (20.54256pt too wide) in paragraph at lines 409--409
[]\T1/lmr/m/n/10 2005|  
 []


Overfull \hbox (20.54256pt too wide) in paragraph at lines 409--409
[]\T1/lmr/m/n/10 2006|  
 []


Overfull \hbox (20.54256pt too wide) in paragraph at lines 409--409
[]\T1/lmr/m/n/10 2007|  
 []


Overfull \hbox (20.54256pt too wide) in paragraph at lines 409--409
[]\T1/lmr/m/n/10 2008|  
 []


Overfull \hbox (20.54256pt too wide) in paragraph at lines 409--409
[]\T1/lmr/m/n/10 2009|  
 []


Overfull \hbox (20.54256pt too wide) in paragraph at lines 409--409
[]\T1/lmr/m/n/10 2010|  
 []


Overfull \hbox (20.54256pt too wide) in paragraph at lines 409--409
[]\T1/lmr/m/n/10 2011|  
 []


Overfull \hbox (20.54256pt too wide) in paragraph at lines 409--409
[]\T1/lmr/m/n/10 2012|  
 []


Overfull \hbox (20.54256pt too wide) in paragraph at lines 409--409
[]\T1/lmr/m/n/10 2013|  
 []


Overfull \hbox (20.54256pt too wide) in paragraph at lines 409--409
[]\T1/lmr/m/n/10 2014|  
 []


Overfull \hbox (20.54256pt too wide) in paragraph at lines 409--409
[]\T1/lmr/m/n/10 2015|  
 []


Overfull \hbox (20.54256pt too wide) in paragraph at lines 409--409
[]\T1/lmr/m/n/10 2016|  
 []


Overfull \hbox (20.54256pt too wide) in paragraph at lines 409--409
[]\T1/lmr/m/n/10 2017|  
 []


Overfull \hbox (20.54256pt too wide) in paragraph at lines 409--409
[]\T1/lmr/m/n/10 2018|  
 []


Overfull \hbox (20.54256pt too wide) in paragraph at lines 409--409
[]\T1/lmr/m/n/10 2019|  
 []


Overfull \hbox (31.95924pt too wide) in paragraph at lines 409--409
[]\T1/lmr/m/n/10 Algeria|  
 []


Overfull \hbox (0.54256pt too wide) in paragraph at lines 409--409
[]|  
 []


Overfull \hbox (0.54256pt too wide) in paragraph at lines 409--409
[]|  
 []


Overfull \hbox (0.54256pt too wide) in paragraph at lines 409--409
[]|  
 []


Overfull \hbox (0.54256pt too wide) in paragraph at lines 409--409
[]|  
 []


Overfull \hbox (0.54256pt too wide) in paragraph at lines 409--409
[]|  
 []


Overfull \hbox (0.54256pt too wide) in paragraph at lines 409--409
[]|  
 []


Overfull \hbox (0.54256pt too wide) in paragraph at lines 409--409
[]|  
 []


Overfull \hbox (0.54256pt too wide) in paragraph at lines 409--409
[]|  
 []


Overfull \hbox (0.54256pt too wide) in paragraph at lines 409--409
[]|  
 []


Overfull \hbox (0.54256pt too wide) in paragraph at lines 409--409
[]|  
 []


Overfull \hbox (0.54256pt too wide) in paragraph at lines 409--409
[]|  
 []


Overfull \hbox (0.54256pt too wide) in paragraph at lines 409--409
[]|  
 []


Overfull \hbox (0.54256pt too wide) in paragraph at lines 409--409
[]|  
 []


Overfull \hbox (0.54256pt too wide) in paragraph at lines 409--409
[]|  
 []


Overfull \hbox (0.54256pt too wide) in paragraph at lines 409--409
[]|  
 []


Overfull \hbox (0.54256pt too wide) in paragraph at lines 409--409
[]|  
 []


Overfull \hbox (0.54256pt too wide) in paragraph at lines 409--409
[]|  
 []


Overfull \hbox (0.54256pt too wide) in paragraph at lines 409--409
[]|  
 []


Overfull \hbox (0.54256pt too wide) in paragraph at lines 409--409
[]|  
 []


Overfull \hbox (0.54256pt too wide) in paragraph at lines 409--409
[]|  
 []


Overfull \hbox (0.54256pt too wide) in paragraph at lines 409--409
[]|  
 []


Overfull \hbox (0.54256pt too wide) in paragraph at lines 409--409
[]|  
 []


Overfull \hbox (0.54256pt too wide) in paragraph at lines 409--409
[]|  
 []


Overfull \hbox (0.54256pt too wide) in paragraph at lines 409--409
[]|  
 []


Overfull \hbox (0.54256pt too wide) in paragraph at lines 409--409
[]|  
 []


Overfull \hbox (0.54256pt too wide) in paragraph at lines 409--409
[]|  
 []


Overfull \hbox (0.54256pt too wide) in paragraph at lines 409--409
[]|  
 []


Overfull \hbox (0.54256pt too wide) in paragraph at lines 409--409
[]|  
 []


Overfull \hbox (0.54256pt too wide) in paragraph at lines 409--409
[]|  
 []


Overfull \hbox (0.54256pt too wide) in paragraph at lines 409--409
[]|  
 []


Overfull \hbox (0.54256pt too wide) in paragraph at lines 409--409
[]|  
 []


Overfull \hbox (0.54256pt too wide) in paragraph at lines 409--409
[]|  
 []


Overfull \hbox (0.54256pt too wide) in paragraph at lines 409--409
[]|  
 []


Overfull \hbox (0.54256pt too wide) in paragraph at lines 409--409
[]|  
 []


Overfull \hbox (0.54256pt too wide) in paragraph at lines 409--409
[]|  
 []


Overfull \hbox (0.54256pt too wide) in paragraph at lines 409--409
[]|  
 []


Overfull \hbox (0.54256pt too wide) in paragraph at lines 409--409
[]|  
 []


Overfull \hbox (0.54256pt too wide) in paragraph at lines 409--409
[]|  
 []


Overfull \hbox (0.54256pt too wide) in paragraph at lines 409--409
[]|  
 []


Overfull \hbox (0.54256pt too wide) in paragraph at lines 409--409
[]|  
 []


Overfull \hbox (49.32027pt too wide) in paragraph at lines 409--409
[]\T1/lmr/m/n/10 Production 
 []


Overfull \hbox (25.82054pt too wide) in paragraph at lines 409--409
\T1/lmr/m/n/10 (quad 
 []


Overfull \hbox (20.95906pt too wide) in paragraph at lines 409--409
\T1/lmr/m/n/10 Btu)|  
 []


Overfull \hbox (83.32031pt too wide) in paragraph at lines 409--409
[]\T1/lmr/m/n/10 2.803017355026457|  
 []


Overfull \hbox (88.32031pt too wide) in paragraph at lines 409--409
[]\T1/lmr/m/n/10 3.0375368604701833|  
 []


Overfull \hbox (83.32031pt too wide) in paragraph at lines 409--409
[]\T1/lmr/m/n/10 3.224933778884667|  
 []


Overfull \hbox (88.32031pt too wide) in paragraph at lines 409--409
[]\T1/lmr/m/n/10 3.6064004828010217|  
 []


Overfull \hbox (88.32031pt too wide) in paragraph at lines 409--409
[]\T1/lmr/m/n/10 3.8591760033483915|  
 []


Overfull \hbox (83.32031pt too wide) in paragraph at lines 409--409
[]\T1/lmr/m/n/10 3.907465537569512|  
 []


Overfull \hbox (88.32031pt too wide) in paragraph at lines 409--409
[]\T1/lmr/m/n/10 3.9683247789434253|  
 []


Overfull \hbox (78.32031pt too wide) in paragraph at lines 409--409
[]\T1/lmr/m/n/10 4.21808633368004|  
 []


Overfull \hbox (83.32031pt too wide) in paragraph at lines 409--409
[]\T1/lmr/m/n/10 4.297753784176673|  
 []


Overfull \hbox (83.32031pt too wide) in paragraph at lines 409--409
[]\T1/lmr/m/n/10 4.502301610062132|  
 []


Overfull \hbox (83.32031pt too wide) in paragraph at lines 409--409
[]\T1/lmr/m/n/10 4.753325721703916|  
 []


Overfull \hbox (83.32031pt too wide) in paragraph at lines 409--409
[]\T1/lmr/m/n/10 4.916138909177983|  
 []


Overfull \hbox (83.32031pt too wide) in paragraph at lines 409--409
[]\T1/lmr/m/n/10 5.031036030666051|  
 []


Overfull \hbox (78.32031pt too wide) in paragraph at lines 409--409
[]\T1/lmr/m/n/10 4.88422507831684|  
 []


Overfull \hbox (83.32031pt too wide) in paragraph at lines 409--409
[]\T1/lmr/m/n/10 4.735645919005672|  
 []


Overfull \hbox (83.32031pt too wide) in paragraph at lines 409--409
[]\T1/lmr/m/n/10 5.048140212281036|  
 []


Overfull \hbox (88.32031pt too wide) in paragraph at lines 409--409
[]\T1/lmr/m/n/10 5.2483061400986335|  
 []


Overfull \hbox (83.32031pt too wide) in paragraph at lines 409--409
[]\T1/lmr/m/n/10 5.592121473752019|  
 []


Overfull \hbox (78.32031pt too wide) in paragraph at lines 409--409
[]\T1/lmr/m/n/10 5.74869236165099|  
 []


Overfull \hbox (83.32031pt too wide) in paragraph at lines 409--409
[]\T1/lmr/m/n/10 6.019446853227404|  
 []


Overfull \hbox (83.32031pt too wide) in paragraph at lines 409--409
[]\T1/lmr/m/n/10 6.190571221848181|  
 []


Overfull \hbox (83.32031pt too wide) in paragraph at lines 409--409
[]\T1/lmr/m/n/10 6.170157236109468|  
 []


Overfull \hbox (83.32031pt too wide) in paragraph at lines 409--409
[]\T1/lmr/m/n/10 6.390558968392507|  
 []


Overfull \hbox (83.32031pt too wide) in paragraph at lines 409--409
[]\T1/lmr/m/n/10 6.789041156494967|  
 []


Overfull \hbox (83.32031pt too wide) in paragraph at lines 409--409
[]\T1/lmr/m/n/10 6.901127019254425|  
 []


Overfull \hbox (83.32031pt too wide) in paragraph at lines 409--409
[]\T1/lmr/m/n/10 7.479709411519275|  
 []


Overfull \hbox (83.32031pt too wide) in paragraph at lines 409--409
[]\T1/lmr/m/n/10 7.418333560428764|  
 []


Overfull \hbox (83.32031pt too wide) in paragraph at lines 409--409
[]\T1/lmr/m/n/10 7.129614220676974|  
 []


Overfull \hbox (88.32031pt too wide) in paragraph at lines 409--409
[]\T1/lmr/m/n/10 7.1784030068807825|  
 []


Overfull \hbox (83.32031pt too wide) in paragraph at lines 409--409
[]\T1/lmr/m/n/10 6.944768814359772|  
 []


Overfull \hbox (83.32031pt too wide) in paragraph at lines 409--409
[]\T1/lmr/m/n/10 6.927837879172395|  
 []


Overfull \hbox (83.32031pt too wide) in paragraph at lines 409--409
[]\T1/lmr/m/n/10 6.828492246382395|  
 []


Overfull \hbox (83.32031pt too wide) in paragraph at lines 409--409
[]\T1/lmr/m/n/10 6.999409831111563|  
 []


Overfull \hbox (88.32031pt too wide) in paragraph at lines 409--409
[]\T1/lmr/m/n/10 6.5104186447871735|  
 []


Overfull \hbox (83.32031pt too wide) in paragraph at lines 409--409
[]\T1/lmr/m/n/10 6.561760333289481|  
 []


Overfull \hbox (83.32031pt too wide) in paragraph at lines 409--409
[]\T1/lmr/m/n/10 6.696192522564449|  
 []


Overfull \hbox (83.32031pt too wide) in paragraph at lines 409--409
[]\T1/lmr/m/n/10 6.910709728136037|  
 []


Overfull \hbox (83.32031pt too wide) in paragraph at lines 409--409
[]\T1/lmr/m/n/10 6.763856727052585|  
 []


Overfull \hbox (83.32031pt too wide) in paragraph at lines 409--409
[]\T1/lmr/m/n/10 6.688078779874529|  
 []


Overfull \hbox (0.54256pt too wide) in paragraph at lines 409--409
[]|  
 []


Overfull \hbox (20.54231pt too wide) in paragraph at lines 409--409
[]\T1/lmr/m/n/10 Coal 
 []


Overfull \hbox (25.82054pt too wide) in paragraph at lines 409--409
\T1/lmr/m/n/10 (quad 
 []


Overfull \hbox (20.95906pt too wide) in paragraph at lines 409--409
\T1/lmr/m/n/10 Btu)|  
 []


Overfull \hbox (103.32031pt too wide) in paragraph at lines 409--409
[]\T1/lmr/m/n/10 0.0000759200610490114|  
 []


Overfull \hbox (108.32031pt too wide) in paragraph at lines 409--409
[]\T1/lmr/m/n/10 0.00024041352665520277|  
 []


Overfull \hbox (108.32031pt too wide) in paragraph at lines 409--409
[]\T1/lmr/m/n/10 0.00040490699226139416|  
 []


Overfull \hbox (103.32031pt too wide) in paragraph at lines 409--409
[]\T1/lmr/m/n/10 0.0005694004578675855|  
 []


Overfull \hbox (103.32031pt too wide) in paragraph at lines 409--409
[]\T1/lmr/m/n/10 0.0005757271296216698|  
 []


Overfull \hbox (103.32031pt too wide) in paragraph at lines 409--409
[]\T1/lmr/m/n/10 0.0005820538013757541|  
 []


Overfull \hbox (108.32031pt too wide) in paragraph at lines 409--409
[]\T1/lmr/m/n/10 0.00027837355717970846|  
 []


Overfull \hbox (108.32031pt too wide) in paragraph at lines 409--409
[]\T1/lmr/m/n/10 0.00024041352665520277|  
 []


Overfull \hbox (103.32031pt too wide) in paragraph at lines 409--409
[]\T1/lmr/m/n/10 0.0002530670997420472|  
 []


Overfull \hbox (108.32031pt too wide) in paragraph at lines 409--409
[]\T1/lmr/m/n/10 0.00022776029793637214|  
 []


Overfull \hbox (88.32031pt too wide) in paragraph at lines 409--409
[]\T1/lmr/m/n/10 0.0002720471150043|  
 []


Overfull \hbox (103.32031pt too wide) in paragraph at lines 409--409
[]\T1/lmr/m/n/10 0.0003163339320722279|  
 []


Overfull \hbox (103.32031pt too wide) in paragraph at lines 409--409
[]\T1/lmr/m/n/10 0.0003796007644024087|  
 []


Overfull \hbox (103.32031pt too wide) in paragraph at lines 409--409
[]\T1/lmr/m/n/10 0.0005061344290627702|  
 []


Overfull \hbox (103.32031pt too wide) in paragraph at lines 409--409
[]\T1/lmr/m/n/10 0.0005820538013757541|  
 []


Overfull \hbox (103.32031pt too wide) in paragraph at lines 409--409
[]\T1/lmr/m/n/10 0.0005567478030954444|  
 []


Overfull \hbox (103.32031pt too wide) in paragraph at lines 409--409
[]\T1/lmr/m/n/10 0.0003036807033533973|  
 []


Overfull \hbox (108.32031pt too wide) in paragraph at lines 409--409
[]\T1/lmr/m/n/10 0.00027837355717970846|  
 []


Overfull \hbox (108.32031pt too wide) in paragraph at lines 409--409
[]\T1/lmr/m/n/10 0.00013918700816853007|  
 []


Overfull \hbox (113.32031pt too wide) in paragraph at lines 409--409
[]\T1/lmr/m/n/10 0.000022776224935511447|  
 []


Overfull \hbox (5.54256pt too wide) in paragraph at lines 409--409
[]\T1/lmr/m/n/10 0|  
 []


Overfull \hbox (5.54256pt too wide) in paragraph at lines 409--409
[]\T1/lmr/m/n/10 0|  
 []


Overfull \hbox (5.54256pt too wide) in paragraph at lines 409--409
[]\T1/lmr/m/n/10 0|  
 []


Overfull \hbox (5.54256pt too wide) in paragraph at lines 409--409
[]\T1/lmr/m/n/10 0|  
 []


Overfull \hbox (5.54256pt too wide) in paragraph at lines 409--409
[]\T1/lmr/m/n/10 0|  
 []


Overfull \hbox (5.54256pt too wide) in paragraph at lines 409--409
[]\T1/lmr/m/n/10 0|  
 []


Overfull \hbox (5.54256pt too wide) in paragraph at lines 409--409
[]\T1/lmr/m/n/10 0|  
 []


Overfull \hbox (5.54256pt too wide) in paragraph at lines 409--409
[]\T1/lmr/m/n/10 0|  
 []


Overfull \hbox (5.54256pt too wide) in paragraph at lines 409--409
[]\T1/lmr/m/n/10 0|  
 []


Overfull \hbox (5.54256pt too wide) in paragraph at lines 409--409
[]\T1/lmr/m/n/10 0|  
 []


Overfull \hbox (5.54256pt too wide) in paragraph at lines 409--409
[]\T1/lmr/m/n/10 0|  
 []


Overfull \hbox (5.54256pt too wide) in paragraph at lines 409--409
[]\T1/lmr/m/n/10 0|  
 []


Overfull \hbox (5.54256pt too wide) in paragraph at lines 409--409
[]\T1/lmr/m/n/10 0|  
 []


Overfull \hbox (5.54256pt too wide) in paragraph at lines 409--409
[]\T1/lmr/m/n/10 0|  
 []


Overfull \hbox (5.54256pt too wide) in paragraph at lines 409--409
[]\T1/lmr/m/n/10 0|  
 []


Overfull \hbox (5.54256pt too wide) in paragraph at lines 409--409
[]\T1/lmr/m/n/10 0|  
 []


Overfull \hbox (5.54256pt too wide) in paragraph at lines 409--409
[]\T1/lmr/m/n/10 0|  
 []


Overfull \hbox (5.54256pt too wide) in paragraph at lines 409--409
[]\T1/lmr/m/n/10 0|  
 []


Overfull \hbox (5.54256pt too wide) in paragraph at lines 409--409
[]\T1/lmr/m/n/10 0|  
 []


Overfull \hbox (5.54256pt too wide) in paragraph at lines 409--409
[]\T1/lmr/m/n/10 0|  
 []


Overfull \hbox (34.18149pt too wide) in paragraph at lines 409--409
[]\T1/lmr/m/n/10 Natural 
 []


Overfull \hbox (14.48705pt too wide) in paragraph at lines 409--409
\T1/lmr/m/n/10 gas 
 []


Overfull \hbox (25.82054pt too wide) in paragraph at lines 409--409
\T1/lmr/m/n/10 (quad 
 []


Overfull \hbox (20.95906pt too wide) in paragraph at lines 409--409
\T1/lmr/m/n/10 Btu)|  
 []


Overfull \hbox (33.32031pt too wide) in paragraph at lines 409--409
[]\T1/lmr/m/n/10 0.48498|  
 []


Overfull \hbox (33.32031pt too wide) in paragraph at lines 409--409
[]\T1/lmr/m/n/10 0.91096|  
 []


Overfull \hbox (33.32031pt too wide) in paragraph at lines 409--409
[]\T1/lmr/m/n/10 1.11156|  
 []


Overfull \hbox (33.32031pt too wide) in paragraph at lines 409--409
[]\T1/lmr/m/n/10 1.55052|  
 []


Overfull \hbox (28.32031pt too wide) in paragraph at lines 409--409
[]\T1/lmr/m/n/10 1.6048|  
 []


Overfull \hbox (28.32031pt too wide) in paragraph at lines 409--409
[]\T1/lmr/m/n/10 1.6048|  
 []


Overfull \hbox (28.32031pt too wide) in paragraph at lines 409--409
[]\T1/lmr/m/n/10 1.5694|  
 []


Overfull \hbox (28.32031pt too wide) in paragraph at lines 409--409
[]\T1/lmr/m/n/10 1.7995|  
 []


Overfull \hbox (28.32031pt too wide) in paragraph at lines 409--409
[]\T1/lmr/m/n/10 1.9293|  
 []


Overfull \hbox (33.32031pt too wide) in paragraph at lines 409--409
[]\T1/lmr/m/n/10 2.01662|  
 []


Overfull \hbox (33.32031pt too wide) in paragraph at lines 409--409
[]\T1/lmr/m/n/10 2.10866|  
 []


Overfull \hbox (33.32031pt too wide) in paragraph at lines 409--409
[]\T1/lmr/m/n/10 2.28094|  
 []


Overfull \hbox (48.32031pt too wide) in paragraph at lines 409--409
[]\T1/lmr/m/n/10 2.32528086|  
 []


Overfull \hbox (48.32031pt too wide) in paragraph at lines 409--409
[]\T1/lmr/m/n/10 2.24443788|  
 []


Overfull \hbox (43.32031pt too wide) in paragraph at lines 409--409
[]\T1/lmr/m/n/10 2.1319296|  
 []


Overfull \hbox (38.32031pt too wide) in paragraph at lines 409--409
[]\T1/lmr/m/n/10 2.421124|  
 []


Overfull \hbox (63.32031pt too wide) in paragraph at lines 409--409
[]\T1/lmr/m/n/10 2.47277431065|  
 []


Overfull \hbox (58.32031pt too wide) in paragraph at lines 409--409
[]\T1/lmr/m/n/10 2.7422203445|  
 []


Overfull \hbox (63.32031pt too wide) in paragraph at lines 409--409
[]\T1/lmr/m/n/10 2.93525036875|  
 []


Overfull \hbox (63.32031pt too wide) in paragraph at lines 409--409
[]\T1/lmr/m/n/10 3.24091440715|  
 []


Overfull \hbox (58.32031pt too wide) in paragraph at lines 409--409
[]\T1/lmr/m/n/10 3.3129524162|  
 []


Overfull \hbox (58.32031pt too wide) in paragraph at lines 409--409
[]\T1/lmr/m/n/10 3.1410163946|  
 []


Overfull \hbox (63.32031pt too wide) in paragraph at lines 409--409
[]\T1/lmr/m/n/10 3.15415039625|  
 []


Overfull \hbox (58.32031pt too wide) in paragraph at lines 409--409
[]\T1/lmr/m/n/10 3.2118604035|  
 []


Overfull \hbox (63.32031pt too wide) in paragraph at lines 409--409
[]\T1/lmr/m/n/10 3.18997040075|  
 []


Overfull \hbox (68.32031pt too wide) in paragraph at lines 409--409
[]\T1/lmr/m/n/10 3.551553446175|  
 []


Overfull \hbox (53.32031pt too wide) in paragraph at lines 409--409
[]\T1/lmr/m/n/10 3.470560436|  
 []


Overfull \hbox (63.32031pt too wide) in paragraph at lines 409--409
[]\T1/lmr/m/n/10 3.18139676631|  
 []


Overfull \hbox (63.32031pt too wide) in paragraph at lines 409--409
[]\T1/lmr/m/n/10 3.24432936765|  
 []


Overfull \hbox (63.32031pt too wide) in paragraph at lines 409--409
[]\T1/lmr/m/n/10 3.12573283953|  
 []


Overfull \hbox (58.32031pt too wide) in paragraph at lines 409--409
[]\T1/lmr/m/n/10 3.1732582833|  
 []


Overfull \hbox (63.32031pt too wide) in paragraph at lines 409--409
[]\T1/lmr/m/n/10 3.10413743451|  
 []


Overfull \hbox (63.32031pt too wide) in paragraph at lines 409--409
[]\T1/lmr/m/n/10 3.24241663662|  
 []


Overfull \hbox (63.32031pt too wide) in paragraph at lines 409--409
[]\T1/lmr/m/n/10 2.98716080544|  
 []


Overfull \hbox (63.32031pt too wide) in paragraph at lines 409--409
[]\T1/lmr/m/n/10 3.12393982635|  
 []


Overfull \hbox (58.32031pt too wide) in paragraph at lines 409--409
[]\T1/lmr/m/n/10 3.1143761712|  
 []


Overfull \hbox (68.32031pt too wide) in paragraph at lines 409--409
[]\T1/lmr/m/n/10 3.517358922693|  
 []


Overfull \hbox (73.32031pt too wide) in paragraph at lines 409--409
[]\T1/lmr/m/n/10 3.5067077266554|  
 []


Overfull \hbox (68.32031pt too wide) in paragraph at lines 409--409
[]\T1/lmr/m/n/10 3.541624664238|  
 []


Overfull \hbox (68.32031pt too wide) in paragraph at lines 409--409
[]\T1/lmr/m/n/10 3.294896139756|  
 []


Overfull \hbox (45.4312pt too wide) in paragraph at lines 409--409
[]\T1/lmr/m/n/10 Petroleum 
 []


Overfull \hbox (16.65355pt too wide) in paragraph at lines 409--409
\T1/lmr/m/n/10 and 
 []


Overfull \hbox (23.34824pt too wide) in paragraph at lines 409--409
\T1/lmr/m/n/10 other 
 []


Overfull \hbox (14.70938pt too wide) in paragraph at lines 409--409
\T1/lmr/m/n/10 liq- 
 []


Overfull \hbox (18.3758pt too wide) in paragraph at lines 409--409
\T1/lmr/m/n/10 uids 
 []


Overfull \hbox (25.82054pt too wide) in paragraph at lines 409--409
\T1/lmr/m/n/10 (quad 
 []


Overfull \hbox (20.95906pt too wide) in paragraph at lines 409--409
\T1/lmr/m/n/10 Btu)|  
 []


Overfull \hbox (88.32031pt too wide) in paragraph at lines 409--409
[]\T1/lmr/m/n/10 2.3153852101494885|  
 []


Overfull \hbox (83.32031pt too wide) in paragraph at lines 409--409
[]\T1/lmr/m/n/10 2.122552459995088|  
 []


Overfull \hbox (88.32031pt too wide) in paragraph at lines 409--409
[]\T1/lmr/m/n/10 2.1080136736977853|  
 []


Overfull \hbox (83.32031pt too wide) in paragraph at lines 409--409
[]\T1/lmr/m/n/10 2.052859918102554|  
 []


Overfull \hbox (88.32031pt too wide) in paragraph at lines 409--409
[]\T1/lmr/m/n/10 2.2484132362187697|  
 []


Overfull \hbox (88.32031pt too wide) in paragraph at lines 409--409
[]\T1/lmr/m/n/10 2.2954078507681364|  
 []


Overfull \hbox (88.32031pt too wide) in paragraph at lines 409--409
[]\T1/lmr/m/n/10 2.3960662433862456|  
 []


Overfull \hbox (83.32031pt too wide) in paragraph at lines 409--409
[]\T1/lmr/m/n/10 2.413230191153384|  
 []


Overfull \hbox (83.32031pt too wide) in paragraph at lines 409--409
[]\T1/lmr/m/n/10 2.366332073076931|  
 []


Overfull \hbox (83.32031pt too wide) in paragraph at lines 409--409
[]\T1/lmr/m/n/10 2.482710233764195|  
 []


Overfull \hbox (88.32031pt too wide) in paragraph at lines 409--409
[]\T1/lmr/m/n/10 2.6429998065889118|  
 []


Overfull \hbox (88.32031pt too wide) in paragraph at lines 409--409
[]\T1/lmr/m/n/10 2.6318561352459104|  
 []


Overfull \hbox (88.32031pt too wide) in paragraph at lines 409--409
[]\T1/lmr/m/n/10 2.7033381959016487|  
 []


Overfull \hbox (83.32031pt too wide) in paragraph at lines 409--409
[]\T1/lmr/m/n/10 2.635683222887777|  
 []


Overfull \hbox (88.32031pt too wide) in paragraph at lines 409--409
[]\T1/lmr/m/n/10 2.6014424412042962|  
 []


Overfull \hbox (88.32031pt too wide) in paragraph at lines 409--409
[]\T1/lmr/m/n/10 2.6244898724779406|  
 []


Overfull \hbox (88.32031pt too wide) in paragraph at lines 409--409
[]\T1/lmr/m/n/10 2.7738425887452807|  
 []


Overfull \hbox (88.32031pt too wide) in paragraph at lines 409--409
[]\T1/lmr/m/n/10 2.8488669936948394|  
 []


Overfull \hbox (88.32031pt too wide) in paragraph at lines 409--409
[]\T1/lmr/m/n/10 2.8111308448928214|  
 []


Overfull \hbox (88.32031pt too wide) in paragraph at lines 409--409
[]\T1/lmr/m/n/10 2.7764542438524678|  
 []


Overfull \hbox (83.32031pt too wide) in paragraph at lines 409--409
[]\T1/lmr/m/n/10 2.877078152648181|  
 []


Overfull \hbox (83.32031pt too wide) in paragraph at lines 409--409
[]\T1/lmr/m/n/10 3.028438197509468|  
 []


Overfull \hbox (88.32031pt too wide) in paragraph at lines 409--409
[]\T1/lmr/m/n/10 3.2358388841425074|  
 []


Overfull \hbox (88.32031pt too wide) in paragraph at lines 409--409
[]\T1/lmr/m/n/10 3.5745280029949673|  
 []


Overfull \hbox (83.32031pt too wide) in paragraph at lines 409--409
[]\T1/lmr/m/n/10 3.708672650504426|  
 []


Overfull \hbox (83.32031pt too wide) in paragraph at lines 409--409
[]\T1/lmr/m/n/10 3.922666514344275|  
 []


Overfull \hbox (88.32031pt too wide) in paragraph at lines 409--409
[]\T1/lmr/m/n/10 3.9456306204287643|  
 []


Overfull \hbox (83.32031pt too wide) in paragraph at lines 409--409
[]\T1/lmr/m/n/10 3.946003438366974|  
 []


Overfull \hbox (88.32031pt too wide) in paragraph at lines 409--409
[]\T1/lmr/m/n/10 3.9313145192307823|  
 []


Overfull \hbox (88.32031pt too wide) in paragraph at lines 409--409
[]\T1/lmr/m/n/10 3.8160786948297725|  
 []


Overfull \hbox (83.32031pt too wide) in paragraph at lines 409--409
[]\T1/lmr/m/n/10 3.752900588272395|  
 []


Overfull \hbox (83.32031pt too wide) in paragraph at lines 409--409
[]\T1/lmr/m/n/10 3.719524988272395|  
 []


Overfull \hbox (88.32031pt too wide) in paragraph at lines 409--409
[]\T1/lmr/m/n/10 3.7511303868915626|  
 []


Overfull \hbox (83.32031pt too wide) in paragraph at lines 409--409
[]\T1/lmr/m/n/10 3.520136978247174|  
 []


Overfull \hbox (88.32031pt too wide) in paragraph at lines 409--409
[]\T1/lmr/m/n/10 3.4354230359394813|  
 []


Overfull \hbox (78.32031pt too wide) in paragraph at lines 409--409
[]\T1/lmr/m/n/10 3.57975685236445|  
 []


Overfull \hbox (88.32031pt too wide) in paragraph at lines 409--409
[]\T1/lmr/m/n/10 3.3902874432030368|  
 []


Overfull \hbox (83.32031pt too wide) in paragraph at lines 409--409
[]\T1/lmr/m/n/10 3.251294691677185|  
 []


Overfull \hbox (88.32031pt too wide) in paragraph at lines 409--409
[]\T1/lmr/m/n/10 3.1398097433165293|  
 []


Overfull \hbox (88.32031pt too wide) in paragraph at lines 409--409
[]\T1/lmr/m/n/10 3.1274413947036668|  
 []


Overfull \hbox (36.95924pt too wide) in paragraph at lines 409--409
[]\T1/lmr/m/n/10 Nuclear, 
 []


Overfull \hbox (12.23706pt too wide) in paragraph at lines 409--409
\T1/lmr/m/n/10 re- 
 []


Overfull \hbox (21.09789pt too wide) in paragraph at lines 409--409
\T1/lmr/m/n/10 new- 
 []


Overfull \hbox (25.04256pt too wide) in paragraph at lines 409--409
\T1/lmr/m/n/10 ables, 
 []


Overfull \hbox (16.65355pt too wide) in paragraph at lines 409--409
\T1/lmr/m/n/10 and 
 []


Overfull \hbox (23.34824pt too wide) in paragraph at lines 409--409
\T1/lmr/m/n/10 other 
 []


Overfull \hbox (25.82054pt too wide) in paragraph at lines 409--409
\T1/lmr/m/n/10 (quad 
 []


Overfull \hbox (20.95906pt too wide) in paragraph at lines 409--409
\T1/lmr/m/n/10 Btu)|  
 []


Overfull \hbox (78.32031pt too wide) in paragraph at lines 409--409
[]\T1/lmr/m/n/10 0.00257622481592|  
 []


Overfull \hbox (78.32031pt too wide) in paragraph at lines 409--409
[]\T1/lmr/m/n/10 0.00378398694844|  
 []


Overfull \hbox (78.32031pt too wide) in paragraph at lines 409--409
[]\T1/lmr/m/n/10 0.00495519819462|  
 []


Overfull \hbox (73.32031pt too wide) in paragraph at lines 409--409
[]\T1/lmr/m/n/10 0.0024511642406|  
 []


Overfull \hbox (48.32031pt too wide) in paragraph at lines 409--409
[]\T1/lmr/m/n/10 0.00538704|  
 []


Overfull \hbox (53.32031pt too wide) in paragraph at lines 409--409
[]\T1/lmr/m/n/10 0.006675633|  
 []


Overfull \hbox (53.32031pt too wide) in paragraph at lines 409--409
[]\T1/lmr/m/n/10 0.002580162|  
 []


Overfull \hbox (53.32031pt too wide) in paragraph at lines 409--409
[]\T1/lmr/m/n/10 0.005115729|  
 []


Overfull \hbox (53.32031pt too wide) in paragraph at lines 409--409
[]\T1/lmr/m/n/10 0.001868644|  
 []


Overfull \hbox (53.32031pt too wide) in paragraph at lines 409--409
[]\T1/lmr/m/n/10 0.002743616|  
 []


Overfull \hbox (53.32031pt too wide) in paragraph at lines 409--409
[]\T1/lmr/m/n/10 0.001393868|  
 []


Overfull \hbox (48.32031pt too wide) in paragraph at lines 409--409
[]\T1/lmr/m/n/10 0.00302644|  
 []


Overfull \hbox (53.32031pt too wide) in paragraph at lines 409--409
[]\T1/lmr/m/n/10 0.002037374|  
 []


Overfull \hbox (53.32031pt too wide) in paragraph at lines 409--409
[]\T1/lmr/m/n/10 0.003597841|  
 []


Overfull \hbox (53.32031pt too wide) in paragraph at lines 409--409
[]\T1/lmr/m/n/10 0.001691824|  
 []


Overfull \hbox (53.32031pt too wide) in paragraph at lines 409--409
[]\T1/lmr/m/n/10 0.001969592|  
 []


Overfull \hbox (48.32031pt too wide) in paragraph at lines 409--409
[]\T1/lmr/m/n/10 0.00138556|  
 []


Overfull \hbox (53.32031pt too wide) in paragraph at lines 409--409
[]\T1/lmr/m/n/10 0.000755762|  
 []


Overfull \hbox (53.32031pt too wide) in paragraph at lines 409--409
[]\T1/lmr/m/n/10 0.002171961|  
 []


Overfull \hbox (53.32031pt too wide) in paragraph at lines 409--409
[]\T1/lmr/m/n/10 0.002055426|  
 []


Overfull \hbox (53.32031pt too wide) in paragraph at lines 409--409
[]\T1/lmr/m/n/10 0.000540653|  
 []


Overfull \hbox (53.32031pt too wide) in paragraph at lines 409--409
[]\T1/lmr/m/n/10 0.000702644|  
 []


Overfull \hbox (53.32031pt too wide) in paragraph at lines 409--409
[]\T1/lmr/m/n/10 0.000569688|  
 []


Overfull \hbox (48.32031pt too wide) in paragraph at lines 409--409
[]\T1/lmr/m/n/10 0.00265275|  
 []


Overfull \hbox (53.32031pt too wide) in paragraph at lines 409--409
[]\T1/lmr/m/n/10 0.002483968|  
 []


Overfull \hbox (53.32031pt too wide) in paragraph at lines 409--409
[]\T1/lmr/m/n/10 0.005489451|  
 []


Overfull \hbox (53.32031pt too wide) in paragraph at lines 409--409
[]\T1/lmr/m/n/10 0.002142504|  
 []


Overfull \hbox (53.32031pt too wide) in paragraph at lines 409--409
[]\T1/lmr/m/n/10 0.002214016|  
 []


Overfull \hbox (48.32031pt too wide) in paragraph at lines 409--409
[]\T1/lmr/m/n/10 0.00275912|  
 []


Overfull \hbox (48.32031pt too wide) in paragraph at lines 409--409
[]\T1/lmr/m/n/10 0.00295728|  
 []


Overfull \hbox (58.32031pt too wide) in paragraph at lines 409--409
[]\T1/lmr/m/n/10 0.0016790076|  
 []


Overfull \hbox (58.32031pt too wide) in paragraph at lines 409--409
[]\T1/lmr/m/n/10 0.0048298236|  
 []


Overfull \hbox (58.32031pt too wide) in paragraph at lines 409--409
[]\T1/lmr/m/n/10 0.0058628076|  
 []


Overfull \hbox (58.32031pt too wide) in paragraph at lines 409--409
[]\T1/lmr/m/n/10 0.0031208611|  
 []


Overfull \hbox (53.32031pt too wide) in paragraph at lines 409--409
[]\T1/lmr/m/n/10 0.002397471|  
 []


Overfull \hbox (53.32031pt too wide) in paragraph at lines 409--409
[]\T1/lmr/m/n/10 0.002059499|  
 []


Overfull \hbox (63.32031pt too wide) in paragraph at lines 409--409
[]\T1/lmr/m/n/10 0.00306336224|  
 []


Overfull \hbox (63.32031pt too wide) in paragraph at lines 409--409
[]\T1/lmr/m/n/10 0.00585430872|  
 []


Overfull \hbox (63.32031pt too wide) in paragraph at lines 409--409
[]\T1/lmr/m/n/10 0.00664437232|  
 []


Overfull \hbox (0.54256pt too wide) in paragraph at lines 409--409
[]|  
 []


Overfull \hbox (34.18149pt too wide) in paragraph at lines 409--409
[]\T1/lmr/m/n/10 Nuclear 
 []


Overfull \hbox (25.82054pt too wide) in paragraph at lines 409--409
\T1/lmr/m/n/10 (quad 
 []


Overfull \hbox (20.95906pt too wide) in paragraph at lines 409--409
\T1/lmr/m/n/10 Btu)|  
 []


Overfull \hbox (0.54256pt too wide) in paragraph at lines 409--409
[]|  
 []


Overfull \hbox (0.54256pt too wide) in paragraph at lines 409--409
[]|  
 []


Overfull \hbox (0.54256pt too wide) in paragraph at lines 409--409
[]|  
 []


Overfull \hbox (0.54256pt too wide) in paragraph at lines 409--409
[]|  
 []


Overfull \hbox (0.54256pt too wide) in paragraph at lines 409--409
[]|  
 []


Overfull \hbox (0.54256pt too wide) in paragraph at lines 409--409
[]|  
 []


Overfull \hbox (0.54256pt too wide) in paragraph at lines 409--409
[]|  
 []


Overfull \hbox (0.54256pt too wide) in paragraph at lines 409--409
[]|  
 []


Overfull \hbox (0.54256pt too wide) in paragraph at lines 409--409
[]|  
 []


Overfull \hbox (0.54256pt too wide) in paragraph at lines 409--409
[]|  
 []


Overfull \hbox (0.54256pt too wide) in paragraph at lines 409--409
[]|  
 []


Overfull \hbox (0.54256pt too wide) in paragraph at lines 409--409
[]|  
 []


Overfull \hbox (0.54256pt too wide) in paragraph at lines 409--409
[]|  
 []


Overfull \hbox (0.54256pt too wide) in paragraph at lines 409--409
[]|  
 []


Overfull \hbox (0.54256pt too wide) in paragraph at lines 409--409
[]|  
 []


Overfull \hbox (0.54256pt too wide) in paragraph at lines 409--409
[]|  
 []


Overfull \hbox (0.54256pt too wide) in paragraph at lines 409--409
[]|  
 []


Overfull \hbox (0.54256pt too wide) in paragraph at lines 409--409
[]|  
 []


Overfull \hbox (0.54256pt too wide) in paragraph at lines 409--409
[]|  
 []


Overfull \hbox (0.54256pt too wide) in paragraph at lines 409--409
[]|  
 []


Overfull \hbox (0.54256pt too wide) in paragraph at lines 409--409
[]|  
 []


Overfull \hbox (0.54256pt too wide) in paragraph at lines 409--409
[]|  
 []


Overfull \hbox (0.54256pt too wide) in paragraph at lines 409--409
[]|  
 []


Overfull \hbox (0.54256pt too wide) in paragraph at lines 409--409
[]|  
 []


Overfull \hbox (0.54256pt too wide) in paragraph at lines 409--409
[]|  
 []


Overfull \hbox (0.54256pt too wide) in paragraph at lines 409--409
[]|  
 []


Overfull \hbox (0.54256pt too wide) in paragraph at lines 409--409
[]|  
 []


Overfull \hbox (0.54256pt too wide) in paragraph at lines 409--409
[]|  
 []


Overfull \hbox (0.54256pt too wide) in paragraph at lines 409--409
[]|  
 []


Overfull \hbox (0.54256pt too wide) in paragraph at lines 409--409
[]|  
 []


Overfull \hbox (0.54256pt too wide) in paragraph at lines 409--409
[]|  
 []


Overfull \hbox (0.54256pt too wide) in paragraph at lines 409--409
[]|  
 []


Overfull \hbox (0.54256pt too wide) in paragraph at lines 409--409
[]|  
 []


Overfull \hbox (0.54256pt too wide) in paragraph at lines 409--409
[]|  
 []


Overfull \hbox (0.54256pt too wide) in paragraph at lines 409--409
[]|  
 []


Overfull \hbox (0.54256pt too wide) in paragraph at lines 409--409
[]|  
 []


Overfull \hbox (0.54256pt too wide) in paragraph at lines 409--409
[]|  
 []


Overfull \hbox (0.54256pt too wide) in paragraph at lines 409--409
[]|  
 []


Overfull \hbox (0.54256pt too wide) in paragraph at lines 409--409
[]|  
 []


Overfull \hbox (0.54256pt too wide) in paragraph at lines 409--409
[]|  
 []


Overfull \hbox (51.01451pt too wide) in paragraph at lines 409--409
[]\T1/lmr/m/n/10 Renewables 
 []


Overfull \hbox (16.65355pt too wide) in paragraph at lines 409--409
\T1/lmr/m/n/10 and 
 []


Overfull \hbox (23.34824pt too wide) in paragraph at lines 409--409
\T1/lmr/m/n/10 other 
 []


Overfull \hbox (25.82054pt too wide) in paragraph at lines 409--409
\T1/lmr/m/n/10 (quad 
 []


Overfull \hbox (20.95906pt too wide) in paragraph at lines 409--409
\T1/lmr/m/n/10 Btu)|  
 []


Overfull \hbox (78.32031pt too wide) in paragraph at lines 409--409
[]\T1/lmr/m/n/10 0.00257622481592|  
 []


Overfull \hbox (78.32031pt too wide) in paragraph at lines 409--409
[]\T1/lmr/m/n/10 0.00378398694844|  
 []


Overfull \hbox (78.32031pt too wide) in paragraph at lines 409--409
[]\T1/lmr/m/n/10 0.00495519819462|  
 []


Overfull \hbox (73.32031pt too wide) in paragraph at lines 409--409
[]\T1/lmr/m/n/10 0.0024511642406|  
 []


Overfull \hbox (48.32031pt too wide) in paragraph at lines 409--409
[]\T1/lmr/m/n/10 0.00538704|  
 []


Overfull \hbox (53.32031pt too wide) in paragraph at lines 409--409
[]\T1/lmr/m/n/10 0.006675633|  
 []


Overfull \hbox (53.32031pt too wide) in paragraph at lines 409--409
[]\T1/lmr/m/n/10 0.002580162|  
 []


Overfull \hbox (53.32031pt too wide) in paragraph at lines 409--409
[]\T1/lmr/m/n/10 0.005115729|  
 []


Overfull \hbox (53.32031pt too wide) in paragraph at lines 409--409
[]\T1/lmr/m/n/10 0.001868644|  
 []


Overfull \hbox (53.32031pt too wide) in paragraph at lines 409--409
[]\T1/lmr/m/n/10 0.002743616|  
 []


Overfull \hbox (53.32031pt too wide) in paragraph at lines 409--409
[]\T1/lmr/m/n/10 0.001393868|  
 []


Overfull \hbox (48.32031pt too wide) in paragraph at lines 409--409
[]\T1/lmr/m/n/10 0.00302644|  
 []


Overfull \hbox (53.32031pt too wide) in paragraph at lines 409--409
[]\T1/lmr/m/n/10 0.002037374|  
 []


Overfull \hbox (53.32031pt too wide) in paragraph at lines 409--409
[]\T1/lmr/m/n/10 0.003597841|  
 []


Overfull \hbox (53.32031pt too wide) in paragraph at lines 409--409
[]\T1/lmr/m/n/10 0.001691824|  
 []


Overfull \hbox (53.32031pt too wide) in paragraph at lines 409--409
[]\T1/lmr/m/n/10 0.001969592|  
 []


Overfull \hbox (48.32031pt too wide) in paragraph at lines 409--409
[]\T1/lmr/m/n/10 0.00138556|  
 []


Overfull \hbox (53.32031pt too wide) in paragraph at lines 409--409
[]\T1/lmr/m/n/10 0.000755762|  
 []


Overfull \hbox (53.32031pt too wide) in paragraph at lines 409--409
[]\T1/lmr/m/n/10 0.002171961|  
 []


Overfull \hbox (53.32031pt too wide) in paragraph at lines 409--409
[]\T1/lmr/m/n/10 0.002055426|  
 []


Overfull \hbox (53.32031pt too wide) in paragraph at lines 409--409
[]\T1/lmr/m/n/10 0.000540653|  
 []


Overfull \hbox (53.32031pt too wide) in paragraph at lines 409--409
[]\T1/lmr/m/n/10 0.000702644|  
 []


Overfull \hbox (53.32031pt too wide) in paragraph at lines 409--409
[]\T1/lmr/m/n/10 0.000569688|  
 []


Overfull \hbox (48.32031pt too wide) in paragraph at lines 409--409
[]\T1/lmr/m/n/10 0.00265275|  
 []


Overfull \hbox (53.32031pt too wide) in paragraph at lines 409--409
[]\T1/lmr/m/n/10 0.002483968|  
 []


Overfull \hbox (53.32031pt too wide) in paragraph at lines 409--409
[]\T1/lmr/m/n/10 0.005489451|  
 []


Overfull \hbox (53.32031pt too wide) in paragraph at lines 409--409
[]\T1/lmr/m/n/10 0.002142504|  
 []


Overfull \hbox (53.32031pt too wide) in paragraph at lines 409--409
[]\T1/lmr/m/n/10 0.002214016|  
 []


Overfull \hbox (48.32031pt too wide) in paragraph at lines 409--409
[]\T1/lmr/m/n/10 0.00275912|  
 []


Overfull \hbox (48.32031pt too wide) in paragraph at lines 409--409
[]\T1/lmr/m/n/10 0.00295728|  
 []


Overfull \hbox (58.32031pt too wide) in paragraph at lines 409--409
[]\T1/lmr/m/n/10 0.0016790076|  
 []


Overfull \hbox (58.32031pt too wide) in paragraph at lines 409--409
[]\T1/lmr/m/n/10 0.0048298236|  
 []


Overfull \hbox (58.32031pt too wide) in paragraph at lines 409--409
[]\T1/lmr/m/n/10 0.0058628076|  
 []


Overfull \hbox (58.32031pt too wide) in paragraph at lines 409--409
[]\T1/lmr/m/n/10 0.0031208611|  
 []


Overfull \hbox (53.32031pt too wide) in paragraph at lines 409--409
[]\T1/lmr/m/n/10 0.002397471|  
 []


Overfull \hbox (53.32031pt too wide) in paragraph at lines 409--409
[]\T1/lmr/m/n/10 0.002059499|  
 []


Overfull \hbox (63.32031pt too wide) in paragraph at lines 409--409
[]\T1/lmr/m/n/10 0.00306336224|  
 []


Overfull \hbox (63.32031pt too wide) in paragraph at lines 409--409
[]\T1/lmr/m/n/10 0.00585430872|  
 []


Overfull \hbox (63.32031pt too wide) in paragraph at lines 409--409
[]\T1/lmr/m/n/10 0.00664437232|  
 []


Overfull \hbox (0.54256pt too wide) in paragraph at lines 409--409
[]|  
 []


Overfull \hbox (22.24498pt too wide) in paragraph at lines 389--410
[][] 
 []

[5]
Overfull \hbox (8.5827pt too wide) in paragraph at lines 441--441
[]\T1/lmr/m/n/10 Production 
 []


Overfull \hbox (4.69363pt too wide) in paragraph at lines 441--441
[]\T1/lmr/m/n/10 Petroleum 
 []


Overfull \hbox (10.27695pt too wide) in paragraph at lines 441--441
[]\T1/lmr/m/n/10 Renewables 
 []


Overfull \hbox (47.58275pt too wide) in paragraph at lines 441--441
[]\T1/lmr/m/n/10 296.21435254624544|  
 []


Overfull \hbox (37.58275pt too wide) in paragraph at lines 441--441
[]\T1/lmr/m/n/10 79.9919425299794|  
 []


Overfull \hbox (17.58275pt too wide) in paragraph at lines 441--441
[]\T1/lmr/m/n/10 54.761045594|  
 []


Overfull \hbox (47.58275pt too wide) in paragraph at lines 441--441
[]\T1/lmr/m/n/10 133.11110886607943|  
 []


Overfull \hbox (47.58275pt too wide) in paragraph at lines 441--441
[]\T1/lmr/m/n/10 28.350255556186585|  
 []


Overfull \hbox (42.58275pt too wide) in paragraph at lines 441--441
[]\T1/lmr/m/n/10 7.575700462108056|  
 []


Overfull \hbox (42.58275pt too wide) in paragraph at lines 441--441
[]\T1/lmr/m/n/10 20.77455509407853|  
 []


Overfull \hbox (42.58275pt too wide) in paragraph at lines 441--441
[]\T1/lmr/m/n/10 291.2691434621497|  
 []


Overfull \hbox (42.58275pt too wide) in paragraph at lines 441--441
[]\T1/lmr/m/n/10 80.44275739096139|  
 []


Overfull \hbox (17.58275pt too wide) in paragraph at lines 441--441
[]\T1/lmr/m/n/10 55.573536747|  
 []


Overfull \hbox (42.58275pt too wide) in paragraph at lines 441--441
[]\T1/lmr/m/n/10 125.4389494908981|  
 []


Overfull \hbox (42.58275pt too wide) in paragraph at lines 441--441
[]\T1/lmr/m/n/10 29.81389983329021|  
 []


Overfull \hbox (42.58275pt too wide) in paragraph at lines 441--441
[]\T1/lmr/m/n/10 8.527153469041346|  
 []


Overfull \hbox (47.58275pt too wide) in paragraph at lines 441--441
[]\T1/lmr/m/n/10 21.286746364248867|  
 []


Overfull \hbox (47.58275pt too wide) in paragraph at lines 441--441
[]\T1/lmr/m/n/10 290.16459397739266|  
 []


Overfull \hbox (42.58275pt too wide) in paragraph at lines 441--441
[]\T1/lmr/m/n/10 83.44334341199846|  
 []


Overfull \hbox (17.58275pt too wide) in paragraph at lines 441--441
[]\T1/lmr/m/n/10 55.495522664|  
 []


Overfull \hbox (47.58275pt too wide) in paragraph at lines 441--441
[]\T1/lmr/m/n/10 119.76280547269802|  
 []


Overfull \hbox (42.58275pt too wide) in paragraph at lines 441--441
[]\T1/lmr/m/n/10 31.46292242869618|  
 []


Overfull \hbox (37.58275pt too wide) in paragraph at lines 441--441
[]\T1/lmr/m/n/10 9.50768642751678|  
 []


Overfull \hbox (37.58275pt too wide) in paragraph at lines 441--441
[]\T1/lmr/m/n/10 21.9552360011794|  
 []


Overfull \hbox (42.58275pt too wide) in paragraph at lines 441--441
[]\T1/lmr/m/n/10 293.0884301960975|  
 []


Overfull \hbox (42.58275pt too wide) in paragraph at lines 441--441
[]\T1/lmr/m/n/10 83.72816748576506|  
 []


Overfull \hbox (17.58275pt too wide) in paragraph at lines 441--441
[]\T1/lmr/m/n/10 56.115951591|  
 []


Overfull \hbox (47.58275pt too wide) in paragraph at lines 441--441
[]\T1/lmr/m/n/10 119.26919636784994|  
 []


Overfull \hbox (42.58275pt too wide) in paragraph at lines 441--441
[]\T1/lmr/m/n/10 33.97511475148248|  
 []


Overfull \hbox (47.58275pt too wide) in paragraph at lines 441--441
[]\T1/lmr/m/n/10 10.718344095623602|  
 []


Overfull \hbox (42.58275pt too wide) in paragraph at lines 441--441
[]\T1/lmr/m/n/10 23.25677065585888|  
 []


Overfull \hbox (47.58275pt too wide) in paragraph at lines 441--441
[]\T1/lmr/m/n/10 308.88419722061724|  
 []


Overfull \hbox (42.58275pt too wide) in paragraph at lines 441--441
[]\T1/lmr/m/n/10 87.63254400981725|  
 []


Overfull \hbox (17.58275pt too wide) in paragraph at lines 441--441
[]\T1/lmr/m/n/10 61.758597532|  
 []


Overfull \hbox (47.58275pt too wide) in paragraph at lines 441--441
[]\T1/lmr/m/n/10 122.55382660121982|  
 []


Overfull \hbox (42.58275pt too wide) in paragraph at lines 441--441
[]\T1/lmr/m/n/10 36.93922907758015|  
 []


Overfull \hbox (47.58275pt too wide) in paragraph at lines 441--441
[]\T1/lmr/m/n/10 12.994607878980153|  
 []


Overfull \hbox (22.58275pt too wide) in paragraph at lines 441--441
[]\T1/lmr/m/n/10 23.9446211986|  
 []


Overfull \hbox (42.58275pt too wide) in paragraph at lines 441--441
[]\T1/lmr/m/n/10 316.3867487746443|  
 []


Overfull \hbox (42.58275pt too wide) in paragraph at lines 441--441
[]\T1/lmr/m/n/10 91.60218713955003|  
 []


Overfull \hbox (17.58275pt too wide) in paragraph at lines 441--441
[]\T1/lmr/m/n/10 64.124522824|  
 []


Overfull \hbox (42.58275pt too wide) in paragraph at lines 441--441
[]\T1/lmr/m/n/10 121.1347896143825|  
 []


Overfull \hbox (42.58275pt too wide) in paragraph at lines 441--441
[]\T1/lmr/m/n/10 39.52524919671177|  
 []


Overfull \hbox (47.58275pt too wide) in paragraph at lines 441--441
[]\T1/lmr/m/n/10 15.298615144911766|  
 []


Overfull \hbox (22.58275pt too wide) in paragraph at lines 441--441
[]\T1/lmr/m/n/10 24.2266340518|  
 []


Overfull \hbox (47.58275pt too wide) in paragraph at lines 441--441
[]\T1/lmr/m/n/10 326.69952978342883|  
 []


Overfull \hbox (42.58275pt too wide) in paragraph at lines 441--441
[]\T1/lmr/m/n/10 93.99118261682449|  
 []


Overfull \hbox (7.58275pt too wide) in paragraph at lines 441--441
[]\T1/lmr/m/n/10 65.3286482|  
 []


Overfull \hbox (47.58275pt too wide) in paragraph at lines 441--441
[]\T1/lmr/m/n/10 126.54884517346557|  
 []


Overfull \hbox (47.58275pt too wide) in paragraph at lines 441--441
[]\T1/lmr/m/n/10 40.830853793138765|  
 []


Overfull \hbox (47.58275pt too wide) in paragraph at lines 441--441
[]\T1/lmr/m/n/10 16.247905140338766|  
 []


Overfull \hbox (22.58275pt too wide) in paragraph at lines 441--441
[]\T1/lmr/m/n/10 24.5829486528|  
 []


Overfull \hbox (104.26163pt too wide) in paragraph at lines 487--487
 []\T1/lmr/m/n/10 Ratio.of.exports.and.imports.to.GDP......PWT.9.1..2019..|
 []

[6]
Overfull \hbox (26.78636pt too wide) in paragraph at lines 533--533
[]\T1/lmr/m/n/10 Country|  
 []


Overfull \hbox (10.67532pt too wide) in paragraph at lines 533--533
[]\T1/lmr/m/n/10 Year|  
 []


Overfull \hbox (32.20291pt too wide) in paragraph at lines 533--533
 []\T1/lmr/m/n/10 AgriLand|
 []


Overfull \hbox (23.42499pt too wide) in paragraph at lines 533--533
 []\T1/lmr/m/n/10 Change
 []


Overfull \hbox (10.67525pt too wide) in paragraph at lines 533--533
 \T1/lmr/m/n/10 agri-
 []


Overfull \hbox (6.75858pt too wide) in paragraph at lines 533--533
 \T1/lmr/m/n/10 cul-
 []


Overfull \hbox (11.78642pt too wide) in paragraph at lines 533--533
 \T1/lmr/m/n/10 tural
 []


Overfull \hbox (9.53624pt too wide) in paragraph at lines 533--533
 \T1/lmr/m/n/10 land|
 []


Overfull \hbox (23.42499pt too wide) in paragraph at lines 533--533
 []\T1/lmr/m/n/10 Change
 []


Overfull \hbox (10.67525pt too wide) in paragraph at lines 533--533
 \T1/lmr/m/n/10 agri-
 []


Overfull \hbox (6.75858pt too wide) in paragraph at lines 533--533
 \T1/lmr/m/n/10 cul-
 []


Overfull \hbox (11.78642pt too wide) in paragraph at lines 533--533
 \T1/lmr/m/n/10 tural
 []


Overfull \hbox (9.53624pt too wide) in paragraph at lines 533--533
 \T1/lmr/m/n/10 land
 []


Overfull \hbox (43.7586pt too wide) in paragraph at lines 533--533
 []\T1/lmr/m/n/10 Agricultural
 []


Overfull \hbox (6.50838pt too wide) in paragraph at lines 533--533
 \T1/lmr/m/n/10 raw
 []


Overfull \hbox (7.31381pt too wide) in paragraph at lines 533--533
 \T1/lmr/m/n/10 ma-
 []


Overfull \hbox (2.31433pt too wide) in paragraph at lines 533--533
 \T1/lmr/m/n/10 te-
 []


Overfull \hbox (0.67525pt too wide) in paragraph at lines 533--533
 \T1/lmr/m/n/10 ri-
 []


Overfull \hbox (2.36974pt too wide) in paragraph at lines 533--533
 \T1/lmr/m/n/10 als
 []


Overfull \hbox (3.70331pt too wide) in paragraph at lines 533--533
 \T1/lmr/m/n/10 ex-
 []


Overfull \hbox (13.23094pt too wide) in paragraph at lines 533--533
 \T1/lmr/m/n/10 ports
 []


Overfull \hbox (2.86949pt too wide) in paragraph at lines 533--533
 \T1/lmr/m/n/10 (%
 []


Overfull \hbox (10.67499pt too wide) in paragraph at lines 533--533
 \T1/lmr/m/n/10 mer-
 []


Overfull \hbox (14.25853pt too wide) in paragraph at lines 533--533
 \T1/lmr/m/n/10 chan-
 []


Overfull \hbox (7.36974pt too wide) in paragraph at lines 533--533
 \T1/lmr/m/n/10 dise
 []


Overfull \hbox (3.70331pt too wide) in paragraph at lines 533--533
 \T1/lmr/m/n/10 ex-
 []


Overfull \hbox (17.11995pt too wide) in paragraph at lines 533--533
 \T1/lmr/m/n/10 ports)|
 []


Overfull \hbox (12.4532pt too wide) in paragraph at lines 533--533
 []\T1/lmr/m/n/10 Food
 []


Overfull \hbox (3.70331pt too wide) in paragraph at lines 533--533
 \T1/lmr/m/n/10 ex-
 []


Overfull \hbox (13.23094pt too wide) in paragraph at lines 533--533
 \T1/lmr/m/n/10 ports
 []


Overfull \hbox (2.86949pt too wide) in paragraph at lines 533--533
 \T1/lmr/m/n/10 (%
 []


Overfull \hbox (10.67499pt too wide) in paragraph at lines 533--533
 \T1/lmr/m/n/10 mer-
 []


Overfull \hbox (14.25853pt too wide) in paragraph at lines 533--533
 \T1/lmr/m/n/10 chan-
 []


Overfull \hbox (7.36974pt too wide) in paragraph at lines 533--533
 \T1/lmr/m/n/10 dise
 []


Overfull \hbox (3.70331pt too wide) in paragraph at lines 533--533
 \T1/lmr/m/n/10 ex-
 []


Overfull \hbox (17.11995pt too wide) in paragraph at lines 533--533
 \T1/lmr/m/n/10 ports)|
 []


Overfull \hbox (38.39798pt too wide) in paragraph at lines 533--533
 []\T1/lmr/m/n/10 ForestArea|
 []


Overfull \hbox (49.20343pt too wide) in paragraph at lines 533--533
 []\T1/lmr/m/n/10 Deforestation|
 []


Overfull \hbox (49.20343pt too wide) in paragraph at lines 533--533
 []\T1/lmr/m/n/10 Deforestation
 []


Overfull \hbox (13.00848pt too wide) in paragraph at lines 533--533
 []\T1/lmr/m/n/10 Land
 []


Overfull \hbox (11.50867pt too wide) in paragraph at lines 533--533
 \T1/lmr/m/n/10 Area
 []


Overfull \hbox (4.25847pt too wide) in paragraph at lines 533--533
 \T1/lmr/m/n/10 km|
 []


Overfull \hbox (5.64749pt too wide) in paragraph at lines 533--533
[]\T1/lmr/m/n/10 NA|  
 []


Overfull \hbox (71.4386pt too wide) in paragraph at lines 533--533
 []\T1/lmr/m/n/10 PopulationGrowth|
 []


Overfull \hbox (15.30014pt too wide) in paragraph at lines 533--533
 []\T1/lmr/m/n/10 Gross
 []


Overfull \hbox (9.70299pt too wide) in paragraph at lines 533--533
 \T1/lmr/m/n/10 Pro-
 []


Overfull \hbox (9.53632pt too wide) in paragraph at lines 533--533
 \T1/lmr/m/n/10 duc-
 []


Overfull \hbox (7.86975pt too wide) in paragraph at lines 533--533
 \T1/lmr/m/n/10 tion
 []


Overfull \hbox (15.0919pt too wide) in paragraph at lines 533--533
 \T1/lmr/m/n/10 Value
 []


Overfull \hbox (9.53651pt too wide) in paragraph at lines 533--533
 \T1/lmr/m/n/10 Soy-
 []


Overfull \hbox (15.42526pt too wide) in paragraph at lines 533--533
 \T1/lmr/m/n/10 beans|
 []


Overfull \hbox (239.49413pt too wide) in paragraph at lines 533--533
 []\T1/lmr/m/n/10 Ratio.of.exports.and.imports.to.GDP......PWT.9.1..2019..|
 []


Overfull \hbox (39.4252pt too wide) in paragraph at lines 533--533
[]\T1/lmr/m/n/10 Production 
 []


Overfull \hbox (15.92548pt too wide) in paragraph at lines 533--533
\T1/lmr/m/n/10 (quad 
 []


Overfull \hbox (11.064pt too wide) in paragraph at lines 533--533
\T1/lmr/m/n/10 Btu)|  
 []


Overfull \hbox (10.64725pt too wide) in paragraph at lines 533--533
[]\T1/lmr/m/n/10 Coal 
 []


Overfull \hbox (15.92548pt too wide) in paragraph at lines 533--533
\T1/lmr/m/n/10 (quad 
 []


Overfull \hbox (11.064pt too wide) in paragraph at lines 533--533
\T1/lmr/m/n/10 Btu)|  
 []


Overfull \hbox (24.28642pt too wide) in paragraph at lines 533--533
[]\T1/lmr/m/n/10 Natural 
 []


Overfull \hbox (4.59198pt too wide) in paragraph at lines 533--533
\T1/lmr/m/n/10 gas 
 []


Overfull \hbox (15.92548pt too wide) in paragraph at lines 533--533
\T1/lmr/m/n/10 (quad 
 []


Overfull \hbox (11.064pt too wide) in paragraph at lines 533--533
\T1/lmr/m/n/10 Btu)|  
 []


Overfull \hbox (35.53613pt too wide) in paragraph at lines 533--533
[]\T1/lmr/m/n/10 Petroleum 
 []


Overfull \hbox (6.75848pt too wide) in paragraph at lines 533--533
\T1/lmr/m/n/10 and 
 []


Overfull \hbox (13.45317pt too wide) in paragraph at lines 533--533
\T1/lmr/m/n/10 other 
 []


Overfull \hbox (4.81432pt too wide) in paragraph at lines 533--533
\T1/lmr/m/n/10 liq- 
 []


Overfull \hbox (8.48073pt too wide) in paragraph at lines 533--533
\T1/lmr/m/n/10 uids 
 []


Overfull \hbox (15.92548pt too wide) in paragraph at lines 533--533
\T1/lmr/m/n/10 (quad 
 []


Overfull \hbox (11.064pt too wide) in paragraph at lines 533--533
\T1/lmr/m/n/10 Btu)|  
 []


Overfull \hbox (27.06418pt too wide) in paragraph at lines 533--533
[]\T1/lmr/m/n/10 Nuclear, 
 []


Overfull \hbox (2.342pt too wide) in paragraph at lines 533--533
\T1/lmr/m/n/10 re- 
 []


Overfull \hbox (11.20282pt too wide) in paragraph at lines 533--533
\T1/lmr/m/n/10 new- 
 []


Overfull \hbox (15.14749pt too wide) in paragraph at lines 533--533
\T1/lmr/m/n/10 ables, 
 []


Overfull \hbox (6.75848pt too wide) in paragraph at lines 533--533
\T1/lmr/m/n/10 and 
 []


Overfull \hbox (13.45317pt too wide) in paragraph at lines 533--533
\T1/lmr/m/n/10 other 
 []


Overfull \hbox (15.92548pt too wide) in paragraph at lines 533--533
\T1/lmr/m/n/10 (quad 
 []


Overfull \hbox (11.064pt too wide) in paragraph at lines 533--533
\T1/lmr/m/n/10 Btu)|  
 []


Overfull \hbox (24.28642pt too wide) in paragraph at lines 533--533
[]\T1/lmr/m/n/10 Nuclear 
 []


Overfull \hbox (15.92548pt too wide) in paragraph at lines 533--533
\T1/lmr/m/n/10 (quad 
 []


Overfull \hbox (11.064pt too wide) in paragraph at lines 533--533
\T1/lmr/m/n/10 Btu)|  
 []


Overfull \hbox (41.11945pt too wide) in paragraph at lines 533--533
[]\T1/lmr/m/n/10 Renewables 
 []


Overfull \hbox (6.75848pt too wide) in paragraph at lines 533--533
\T1/lmr/m/n/10 and 
 []


Overfull \hbox (13.45317pt too wide) in paragraph at lines 533--533
\T1/lmr/m/n/10 other 
 []


Overfull \hbox (15.92548pt too wide) in paragraph at lines 533--533
\T1/lmr/m/n/10 (quad 
 []


Overfull \hbox (11.064pt too wide) in paragraph at lines 533--533
\T1/lmr/m/n/10 Btu)|  
 []


Overfull \hbox (24.814pt too wide) in paragraph at lines 533--533
[]\T1/lmr/m/n/10 Albania|  
 []


Overfull \hbox (10.64749pt too wide) in paragraph at lines 533--533
[]\T1/lmr/m/n/10 2000|  
 []


Overfull \hbox (8.42525pt too wide) in paragraph at lines 533--533
 []\T1/lmr/m/n/10 41.8|
 []


Overfull \hbox (5.64749pt too wide) in paragraph at lines 533--533
 []\T1/lmr/m/n/10 NA|
 []


Overfull \hbox (5.64749pt too wide) in paragraph at lines 533--533
 []\T1/lmr/m/n/10 NA|
 []


Overfull \hbox (8.42525pt too wide) in paragraph at lines 533--533
 []\T1/lmr/m/n/10 5.97|
 []


Overfull \hbox (8.42525pt too wide) in paragraph at lines 533--533
 []\T1/lmr/m/n/10 6.63|
 []


Overfull \hbox (8.42525pt too wide) in paragraph at lines 533--533
 []\T1/lmr/m/n/10 28.1|
 []


Overfull \hbox (5.64749pt too wide) in paragraph at lines 533--533
 []\T1/lmr/m/n/10 NA|
 []


Overfull \hbox (5.64749pt too wide) in paragraph at lines 533--533
 []\T1/lmr/m/n/10 NA|
 []


Overfull \hbox (15.64749pt too wide) in paragraph at lines 533--533
 []\T1/lmr/m/n/10 27400|
 []


Overfull \hbox (5.64749pt too wide) in paragraph at lines 533--533
[]\T1/lmr/m/n/10 NA|  
 []


Overfull \hbox (13.42525pt too wide) in paragraph at lines 533--533
 \T1/lmr/m/n/10 0.637|
 []


Overfull \hbox (5.64749pt too wide) in paragraph at lines 533--533
 []\T1/lmr/m/n/10 292|
 []


Overfull \hbox (8.42525pt too wide) in paragraph at lines 533--533
 []\T1/lmr/m/n/10 63.5|
 []


Overfull \hbox (83.42525pt too wide) in paragraph at lines 533--533
[]\T1/lmr/m/n/10 0.06083183808831241|  
 []


Overfull \hbox (98.42525pt too wide) in paragraph at lines 533--533
[]\T1/lmr/m/n/10 0.00027988058460877126|  
 []


Overfull \hbox (48.42525pt too wide) in paragraph at lines 533--533
[]\T1/lmr/m/n/10 0.0011060658|  
 []


Overfull \hbox (83.42525pt too wide) in paragraph at lines 533--533
[]\T1/lmr/m/n/10 0.01305174370370364|  
 []


Overfull \hbox (43.42525pt too wide) in paragraph at lines 533--533
[]\T1/lmr/m/n/10 0.046394148|  
 []


Overfull \hbox (43.42525pt too wide) in paragraph at lines 533--533
[]\T1/lmr/m/n/10 0.046394148|  
 []


Overfull \hbox (24.814pt too wide) in paragraph at lines 533--533
[]\T1/lmr/m/n/10 Albania|  
 []


Overfull \hbox (10.64749pt too wide) in paragraph at lines 533--533
[]\T1/lmr/m/n/10 2001|  
 []


Overfull \hbox (8.42525pt too wide) in paragraph at lines 533--533
 []\T1/lmr/m/n/10 41.6|
 []


Overfull \hbox (13.42525pt too wide) in paragraph at lines 533--533
 []\T1/lmr/m/n/10 0.182|
 []


Overfull \hbox (13.42525pt too wide) in paragraph at lines 533--533
 []\T1/lmr/m/n/10 0.437|
 []


Overfull \hbox (8.42525pt too wide) in paragraph at lines 533--533
 []\T1/lmr/m/n/10 5.54|
 []


Overfull \hbox (8.42525pt too wide) in paragraph at lines 533--533
 []\T1/lmr/m/n/10 5.79|
 []


Overfull \hbox (8.42525pt too wide) in paragraph at lines 533--533
 []\T1/lmr/m/n/10 28.1|
 []


Overfull \hbox (13.42525pt too wide) in paragraph at lines 533--533
 \T1/lmr/m/n/10 0.047|
 []


Overfull \hbox (13.42525pt too wide) in paragraph at lines 533--533
 \T1/lmr/m/n/10 0.166|
 []


Overfull \hbox (15.64749pt too wide) in paragraph at lines 533--533
 []\T1/lmr/m/n/10 27400|
 []


Overfull \hbox (5.64749pt too wide) in paragraph at lines 533--533
[]\T1/lmr/m/n/10 NA|  
 []


Overfull \hbox (13.42525pt too wide) in paragraph at lines 533--533
 \T1/lmr/m/n/10 0.938|
 []


Overfull \hbox (5.64749pt too wide) in paragraph at lines 533--533
 []\T1/lmr/m/n/10 389|
 []


Overfull \hbox (8.42525pt too wide) in paragraph at lines 533--533
 []\T1/lmr/m/n/10 66.5|
 []


Overfull \hbox (83.42525pt too wide) in paragraph at lines 533--533
[]\T1/lmr/m/n/10 0.05136107356866748|  
 []


Overfull \hbox (98.42525pt too wide) in paragraph at lines 533--533
[]\T1/lmr/m/n/10 0.00019591640922613987|  
 []


Overfull \hbox (48.42525pt too wide) in paragraph at lines 533--533
[]\T1/lmr/m/n/10 0.0011060658|  
 []


Overfull \hbox (88.42525pt too wide) in paragraph at lines 533--533
[]\T1/lmr/m/n/10 0.013697264359441338|  
 []


Overfull \hbox (43.42525pt too wide) in paragraph at lines 533--533
[]\T1/lmr/m/n/10 0.036361827|  
 []


Overfull \hbox (43.42525pt too wide) in paragraph at lines 533--533
[]\T1/lmr/m/n/10 0.036361827|  
 []


Overfull \hbox (24.814pt too wide) in paragraph at lines 533--533
[]\T1/lmr/m/n/10 Albania|  
 []


Overfull \hbox (10.64749pt too wide) in paragraph at lines 533--533
[]\T1/lmr/m/n/10 2002|  
 []


Overfull \hbox (8.42525pt too wide) in paragraph at lines 533--533
 []\T1/lmr/m/n/10 41.6|
 []


Overfull \hbox (13.42525pt too wide) in paragraph at lines 533--533
 \T1/lmr/m/n/10 0.036|
 []


Overfull \hbox (13.42525pt too wide) in paragraph at lines 533--533
 \T1/lmr/m/n/10 0.088|
 []


Overfull \hbox (8.42525pt too wide) in paragraph at lines 533--533
 []\T1/lmr/m/n/10 6.52|
 []


Overfull \hbox (8.42525pt too wide) in paragraph at lines 533--533
 []\T1/lmr/m/n/10 3.56|
 []


Overfull \hbox (8.42525pt too wide) in paragraph at lines 533--533
 []\T1/lmr/m/n/10 28.2|
 []


Overfull \hbox (13.42525pt too wide) in paragraph at lines 533--533
 \T1/lmr/m/n/10 0.047|
 []


Overfull \hbox (13.42525pt too wide) in paragraph at lines 533--533
 \T1/lmr/m/n/10 0.166|
 []


Overfull \hbox (15.64749pt too wide) in paragraph at lines 533--533
 []\T1/lmr/m/n/10 27400|
 []


Overfull \hbox (5.64749pt too wide) in paragraph at lines 533--533
[]\T1/lmr/m/n/10 NA|  
 []


Overfull \hbox (13.42525pt too wide) in paragraph at lines 533--533
 \T1/lmr/m/n/10 0.300|
 []


Overfull \hbox (5.64749pt too wide) in paragraph at lines 533--533
 []\T1/lmr/m/n/10 200|
 []


Overfull \hbox (8.42525pt too wide) in paragraph at lines 533--533
 []\T1/lmr/m/n/10 68.5|
 []


Overfull \hbox (88.42525pt too wide) in paragraph at lines 533--533
[]\T1/lmr/m/n/10 0.051256018118918355|  
 []


Overfull \hbox (98.42525pt too wide) in paragraph at lines 533--533
[]\T1/lmr/m/n/10 0.00013994029230438563|  
 []


Overfull \hbox (48.42525pt too wide) in paragraph at lines 533--533
[]\T1/lmr/m/n/10 0.0011060658|  
 []


Overfull \hbox (88.42525pt too wide) in paragraph at lines 533--533
[]\T1/lmr/m/n/10 0.014638491026613971|  
 []


Overfull \hbox (43.42525pt too wide) in paragraph at lines 533--533
[]\T1/lmr/m/n/10 0.035371521|  
 []


Overfull \hbox (43.42525pt too wide) in paragraph at lines 533--533
[]\T1/lmr/m/n/10 0.035371521|  
 []


Overfull \hbox (24.814pt too wide) in paragraph at lines 533--533
[]\T1/lmr/m/n/10 Albania|  
 []


Overfull \hbox (10.64749pt too wide) in paragraph at lines 533--533
[]\T1/lmr/m/n/10 2003|  
 []


Overfull \hbox (8.42525pt too wide) in paragraph at lines 533--533
 []\T1/lmr/m/n/10 40.9|
 []


Overfull \hbox (13.42525pt too wide) in paragraph at lines 533--533
 []\T1/lmr/m/n/10 0.693|
 []


Overfull \hbox (13.42525pt too wide) in paragraph at lines 533--533
 []\T1/lmr/m/n/10 1.667|
 []


Overfull \hbox (8.42525pt too wide) in paragraph at lines 533--533
 []\T1/lmr/m/n/10 5.14|
 []


Overfull \hbox (8.42525pt too wide) in paragraph at lines 533--533
 []\T1/lmr/m/n/10 5.63|
 []


Overfull \hbox (8.42525pt too wide) in paragraph at lines 533--533
 []\T1/lmr/m/n/10 28.2|
 []


Overfull \hbox (13.42525pt too wide) in paragraph at lines 533--533
 \T1/lmr/m/n/10 0.047|
 []


Overfull \hbox (13.42525pt too wide) in paragraph at lines 533--533
 \T1/lmr/m/n/10 0.165|
 []


Overfull \hbox (15.64749pt too wide) in paragraph at lines 533--533
 []\T1/lmr/m/n/10 27400|
 []


Overfull \hbox (5.64749pt too wide) in paragraph at lines 533--533
[]\T1/lmr/m/n/10 NA|  
 []


Overfull \hbox (13.42525pt too wide) in paragraph at lines 533--533
 \T1/lmr/m/n/10 0.374|
 []


Overfull \hbox (5.64749pt too wide) in paragraph at lines 533--533
 []\T1/lmr/m/n/10 287|
 []


Overfull \hbox (8.42525pt too wide) in paragraph at lines 533--533
 []\T1/lmr/m/n/10 67.0|
 []


Overfull \hbox (83.42525pt too wide) in paragraph at lines 533--533
[]\T1/lmr/m/n/10 0.06891454270953923|  
 []


Overfull \hbox (93.42525pt too wide) in paragraph at lines 533--533
[]\T1/lmr/m/n/10 0.0005411024635769578|  
 []


Overfull \hbox (48.42525pt too wide) in paragraph at lines 533--533
[]\T1/lmr/m/n/10 0.0011060658|  
 []


Overfull \hbox (88.42525pt too wide) in paragraph at lines 533--533
[]\T1/lmr/m/n/10 0.015457749445962277|  
 []


Overfull \hbox (43.42525pt too wide) in paragraph at lines 533--533
[]\T1/lmr/m/n/10 0.051809625|  
 []


Overfull \hbox (43.42525pt too wide) in paragraph at lines 533--533
[]\T1/lmr/m/n/10 0.051809625|  
 []


Overfull \hbox (24.814pt too wide) in paragraph at lines 533--533
[]\T1/lmr/m/n/10 Albania|  
 []


Overfull \hbox (10.64749pt too wide) in paragraph at lines 533--533
[]\T1/lmr/m/n/10 2004|  
 []


Overfull \hbox (8.42525pt too wide) in paragraph at lines 533--533
 []\T1/lmr/m/n/10 40.9|
 []


Overfull \hbox (13.42525pt too wide) in paragraph at lines 533--533
 \T1/lmr/m/n/10 0.036|
 []


Overfull \hbox (13.42525pt too wide) in paragraph at lines 533--533
 \T1/lmr/m/n/10 0.089|
 []


Overfull \hbox (8.42525pt too wide) in paragraph at lines 533--533
 []\T1/lmr/m/n/10 4.49|
 []


Overfull \hbox (8.42525pt too wide) in paragraph at lines 533--533
 []\T1/lmr/m/n/10 5.80|
 []


Overfull \hbox (8.42525pt too wide) in paragraph at lines 533--533
 []\T1/lmr/m/n/10 28.3|
 []


Overfull \hbox (13.42525pt too wide) in paragraph at lines 533--533
 \T1/lmr/m/n/10 0.047|
 []


Overfull \hbox (13.42525pt too wide) in paragraph at lines 533--533
 \T1/lmr/m/n/10 0.165|
 []


Overfull \hbox (15.64749pt too wide) in paragraph at lines 533--533
 []\T1/lmr/m/n/10 27400|
 []


Overfull \hbox (5.64749pt too wide) in paragraph at lines 533--533
[]\T1/lmr/m/n/10 NA|  
 []


Overfull \hbox (13.42525pt too wide) in paragraph at lines 533--533
 \T1/lmr/m/n/10 0.418|
 []


Overfull \hbox (5.64749pt too wide) in paragraph at lines 533--533
 []\T1/lmr/m/n/10 272|
 []


Overfull \hbox (8.42525pt too wide) in paragraph at lines 533--533
 []\T1/lmr/m/n/10 67.0|
 []


Overfull \hbox (78.42525pt too wide) in paragraph at lines 533--533
[]\T1/lmr/m/n/10 0.0712884614857991|  
 []


Overfull \hbox (93.42525pt too wide) in paragraph at lines 533--533
[]\T1/lmr/m/n/10 0.0005411024635769578|  
 []


Overfull \hbox (48.42525pt too wide) in paragraph at lines 533--533
[]\T1/lmr/m/n/10 0.0011060658|  
 []


Overfull \hbox (88.42525pt too wide) in paragraph at lines 533--533
[]\T1/lmr/m/n/10 0.015444717222222144|  
 []


Overfull \hbox (43.42525pt too wide) in paragraph at lines 533--533
[]\T1/lmr/m/n/10 0.054196576|  
 []


Overfull \hbox (43.42525pt too wide) in paragraph at lines 533--533
[]\T1/lmr/m/n/10 0.054196576|  
 []


Overfull \hbox (24.814pt too wide) in paragraph at lines 533--533
[]\T1/lmr/m/n/10 Albania|  
 []


Overfull \hbox (10.64749pt too wide) in paragraph at lines 533--533
[]\T1/lmr/m/n/10 2005|  
 []


Overfull \hbox (8.42525pt too wide) in paragraph at lines 533--533
 []\T1/lmr/m/n/10 39.3|
 []


Overfull \hbox (13.42525pt too wide) in paragraph at lines 533--533
 []\T1/lmr/m/n/10 1.642|
 []


Overfull \hbox (13.42525pt too wide) in paragraph at lines 533--533
 []\T1/lmr/m/n/10 4.011|
 []


Overfull \hbox (13.42525pt too wide) in paragraph at lines 533--533
 []\T1/lmr/m/n/10 13.94|
 []


Overfull \hbox (8.42525pt too wide) in paragraph at lines 533--533
 []\T1/lmr/m/n/10 9.77|
 []


Overfull \hbox (8.42525pt too wide) in paragraph at lines 533--533
 []\T1/lmr/m/n/10 28.3|
 []


Overfull \hbox (13.42525pt too wide) in paragraph at lines 533--533
 \T1/lmr/m/n/10 0.047|
 []


Overfull \hbox (13.42525pt too wide) in paragraph at lines 533--533
 \T1/lmr/m/n/10 0.165|
 []


Overfull \hbox (15.64749pt too wide) in paragraph at lines 533--533
 []\T1/lmr/m/n/10 27400|
 []


Overfull \hbox (5.64749pt too wide) in paragraph at lines 533--533
[]\T1/lmr/m/n/10 NA|  
 []


Overfull \hbox (13.42525pt too wide) in paragraph at lines 533--533
 \T1/lmr/m/n/10 0.512|
 []


Overfull \hbox (5.64749pt too wide) in paragraph at lines 533--533
 []\T1/lmr/m/n/10 491|
 []


Overfull \hbox (8.42525pt too wide) in paragraph at lines 533--533
 []\T1/lmr/m/n/10 70.9|
 []


Overfull \hbox (83.42525pt too wide) in paragraph at lines 533--533
[]\T1/lmr/m/n/10 0.07081958154050344|  
 []


Overfull \hbox (93.42525pt too wide) in paragraph at lines 533--533
[]\T1/lmr/m/n/10 0.0004198208769131569|  
 []


Overfull \hbox (48.42525pt too wide) in paragraph at lines 533--533
[]\T1/lmr/m/n/10 0.0011060658|  
 []


Overfull \hbox (88.42525pt too wide) in paragraph at lines 533--533
[]\T1/lmr/m/n/10 0.016109013863590285|  
 []


Overfull \hbox (43.42525pt too wide) in paragraph at lines 533--533
[]\T1/lmr/m/n/10 0.053184681|  
 []


Overfull \hbox (43.42525pt too wide) in paragraph at lines 533--533
[]\T1/lmr/m/n/10 0.053184681|  
 []


Overfull \hbox (24.814pt too wide) in paragraph at lines 533--533
[]\T1/lmr/m/n/10 Albania|  
 []


Overfull \hbox (10.64749pt too wide) in paragraph at lines 533--533
[]\T1/lmr/m/n/10 2006|  
 []


Overfull \hbox (8.42525pt too wide) in paragraph at lines 533--533
 []\T1/lmr/m/n/10 40.9|
 []


Overfull \hbox (13.42525pt too wide) in paragraph at lines 533--533
 \T1/lmr/m/n/10 1.569|
 []


Overfull \hbox (13.42525pt too wide) in paragraph at lines 533--533
 \T1/lmr/m/n/10 3.993|
 []


Overfull \hbox (13.42525pt too wide) in paragraph at lines 533--533
 []\T1/lmr/m/n/10 13.12|
 []


Overfull \hbox (8.42525pt too wide) in paragraph at lines 533--533
 []\T1/lmr/m/n/10 7.94|
 []


Overfull \hbox (8.42525pt too wide) in paragraph at lines 533--533
 []\T1/lmr/m/n/10 28.4|
 []


Overfull \hbox (13.42525pt too wide) in paragraph at lines 533--533
 \T1/lmr/m/n/10 0.047|
 []


Overfull \hbox (13.42525pt too wide) in paragraph at lines 533--533
 \T1/lmr/m/n/10 0.165|
 []


Overfull \hbox (15.64749pt too wide) in paragraph at lines 533--533
 []\T1/lmr/m/n/10 27400|
 []


Overfull \hbox (5.64749pt too wide) in paragraph at lines 533--533
[]\T1/lmr/m/n/10 NA|  
 []


Overfull \hbox (13.42525pt too wide) in paragraph at lines 533--533
 \T1/lmr/m/n/10 0.631|
 []


Overfull \hbox (5.64749pt too wide) in paragraph at lines 533--533
 []\T1/lmr/m/n/10 285|
 []


Overfull \hbox (8.42525pt too wide) in paragraph at lines 533--533
 []\T1/lmr/m/n/10 74.3|
 []


Overfull \hbox (83.42525pt too wide) in paragraph at lines 533--533
[]\T1/lmr/m/n/10 0.06845249684266899|  
 []


Overfull \hbox (93.42525pt too wide) in paragraph at lines 533--533
[]\T1/lmr/m/n/10 0.0004198208769131569|  
 []


Overfull \hbox (48.42525pt too wide) in paragraph at lines 533--533
[]\T1/lmr/m/n/10 0.0011060658|  
 []


Overfull \hbox (88.42525pt too wide) in paragraph at lines 533--533
[]\T1/lmr/m/n/10 0.017817641165755828|  
 []


Overfull \hbox (43.42525pt too wide) in paragraph at lines 533--533
[]\T1/lmr/m/n/10 0.049108969|  
 []


Overfull \hbox (43.42525pt too wide) in paragraph at lines 533--533
[]\T1/lmr/m/n/10 0.049108969|  
 []

[7] [8] (./report.aux)

LaTeX Warning: Label(s) may have changed. Rerun to get cross-references right.


Package rerunfilecheck Warning: File `report.out' has changed.
(rerunfilecheck)                Rerun to get outlines right
(rerunfilecheck)                or use package `bookmark'.

Package rerunfilecheck Info: Checksums for `report.out':
(rerunfilecheck)             Before: <no file>
(rerunfilecheck)             After:  482CE6586F76A76928E82B13C70B7F39;2087.
 ) 
Here is how much of TeX's memory you used:
 12594 strings out of 480331
 199346 string characters out of 5896206
 566581 words of memory out of 5000000
 30182 multiletter control sequences out of 15000+600000
 446191 words of font info for 66 fonts, out of 8000000 for 9000
 14 hyphenation exceptions out of 8191
 60i,13n,63p,876b,423s stack positions out of 5000i,500n,10000p,200000b,80000s
{c:/Users/marec/AppData/Roaming/TinyTeX/texmf-dist/fonts/enc/dvips/lm/lm-ec.e
nc}{c:/Users/marec/AppData/Roaming/TinyTeX/texmf-dist/fonts/enc/dvips/lm/lm-ts1
.enc}<c:/Users/marec/AppData/Roaming/TinyTeX/texmf-dist/fonts/type1/public/lm/l
mbx12.pfb><c:/Users/marec/AppData/Roaming/TinyTeX/texmf-dist/fonts/type1/public
/lm/lmr10.pfb><c:/Users/marec/AppData/Roaming/TinyTeX/texmf-dist/fonts/type1/pu
blic/lm/lmr12.pfb><c:/Users/marec/AppData/Roaming/TinyTeX/texmf-dist/fonts/type
1/public/lm/lmr17.pfb>
Output written on report.pdf (8 pages, 132626 bytes).
PDF statistics:
 113 PDF objects out of 1000 (max. 8388607)
 93 compressed objects within 1 object stream
 37 named destinations out of 1000 (max. 500000)
 1 words of extra memory for PDF output out of 10000 (max. 10000000)

